<?xml version="1.0" encoding="utf-8"?><testsuites name="pytest tests"><testsuite name="pytest" errors="0" failures="0" skipped="5" tests="187" time="283.532" timestamp="2026-09-21T07:42:19.191061+00:00" hostname="agent-env-4b1752b3-609e-4893-8aba-b885a248c23c"><testcase classname="tests.shared.test_admin_maintenance" name="test_startup_leaves_older_rows_untouched_and_reports_them" time="0.770" /><testcase classname="tests.shared.test_ai_consent_and_deletion" name="test_no_text_reaches_the_provider_without_current_consent_and_withdrawal_purges_history" time="2.188" /><testcase classname="tests.shared.test_ai_consent_and_deletion" name="test_in_flight_reply_after_withdrawal_is_not_stored" time="0.571" /><testcase classname="tests.shared.test_ai_consent_and_deletion" name="test_account_deletion_removes_analytics_ai_history_consent_and_reports_truthfully" time="0.696" /><testcase classname="tests.shared.test_ai_consent_and_deletion" name="test_reconcile_converges_erasure_events_written_by_older_builds" time="0.545" /><testcase classname="tests.shared.test_app_signup_and_profile" name="test_unknown_number_signs_up_from_the_app_with_recorded_consent" time="0.570" /><testcase classname="tests.shared.test_app_signup_and_profile" name="test_portal_and_staff_paths_never_create_accounts" time="0.564" /><testcase classname="tests.shared.test_app_signup_and_profile" name="test_website_registration_updates_the_app_account_and_parks_conflicting_values" time="0.555" /><testcase classname="tests.shared.test_app_signup_and_profile" name="test_deleted_number_starts_afresh_but_stale_grants_cannot_resurrect" time="0.652" /><testcase classname="tests.shared.test_app_signup_and_profile" name="test_requests_require_a_complete_profile_and_go_through_after_completion" time="0.613" /><testcase classname="tests.shared.test_backfill_thumbnails" name="test_dry_run_reports_candidates_and_writes_nothing" time="0.556" /><testcase classname="tests.shared.test_backfill_thumbnails" name="test_apply_is_checkpointed_idempotent_and_compare_and_set" time="0.631" /><testcase classname="tests.shared.test_backfill_thumbnails" name="test_apply_repairs_unreadable_thumbnail_objects_only_for_that_product" time="0.532" /><testcase classname="tests.shared.test_central_queries" name="test_creation_paths_notify_telecallers_once_and_first_claim_wins" time="0.682" /><testcase classname="tests.shared.test_central_queries" name="test_admin_reports_reopen_and_staff_disable_release" time="0.626" /><testcase classname="tests.shared.test_central_queries" name="test_search_and_pagination_cover_full_history" time="0.594" /><testcase classname="tests.shared.test_daily_release" name="test_boundary_math" time="0.000" /><testcase classname="tests.shared.test_daily_release" name="test_release_cycle_semantics" time="0.561" /><testcase classname="tests.shared.test_daily_release" name="test_catch_up_after_downtime_and_restart_midway" time="0.516" /><testcase classname="tests.shared.test_daily_release" name="test_multi_worker_and_claim_race" time="0.830" /><testcase classname="tests.shared.test_icon_font_fallback" name="test_ionicons_fallback_serves_exact_version_matched_font_without_auth" time="0.451" /><testcase classname="tests.shared.test_icon_font_fallback" name="test_font_route_is_fixed_and_not_a_file_proxy" time="0.475" /><testcase classname="tests.shared.test_independent_review_2093300" name="test_f02_queued_messages_are_revalidated_before_dispatch" time="0.582" /><testcase classname="tests.shared.test_independent_review_2093300" name="test_f03_completion_ledger_survives_a_crash_between_the_two_writes" time="0.625" /><testcase classname="tests.shared.test_independent_review_2093300" name="test_f04_post_boundary_edit_cannot_keep_yesterdays_claim" time="0.603" /><testcase classname="tests.shared.test_independent_review_2093300" name="test_f05_old_unseen_products_beyond_the_session_bound_are_still_discoverable" time="0.577" /><testcase classname="tests.shared.test_independent_review_2093300" name="test_f06_query_alert_is_never_lost_when_the_outbox_is_unavailable_at_creation" time="0.590" /><testcase classname="tests.shared.test_independent_review_2093300" name="test_f06_campaign_never_sticks_in_sending_and_a_resend_completes_without_duplicates" time="0.553" /><testcase classname="tests.shared.test_independent_review_2093300" name="test_f07_completed_query_then_customer_deletion_scrubs_the_ledger_but_keeps_attribution" time="0.642" /><testcase classname="tests.shared.test_iteration25_owner_admin_independent" name="test_a_empty_db_creates_owner_and_both_surfaces_return_admin" time="0.536" /><testcase classname="tests.shared.test_iteration25_owner_admin_independent" name="test_b_legacy_customer_is_promoted_on_same_id_old_sessions_revoked" time="0.503" /><testcase classname="tests.shared.test_iteration25_owner_admin_independent" name="test_c_two_records_for_phone_are_refused_without_changes" time="0.478" /><testcase classname="tests.shared.test_iteration25_owner_admin_independent" name="test_d_owner_record_is_protected_from_demotion_and_deletion" time="0.517" /><testcase classname="tests.shared.test_iteration25_owner_admin_independent" name="test_regression_last_admin_guard_still_holds_for_non_owner" time="0.510" /><testcase classname="tests.shared.test_iteration25_owner_admin_independent" name="test_regression_customer_portal_login_is_rejected_403_staff_only" time="0.568" /><testcase classname="tests.shared.test_media_budget_restore" name="test_budget_error_names_limit_usage_and_configured_value" time="0.551" /><testcase classname="tests.shared.test_media_budget_restore" name="test_concurrent_writes_run_in_parallel_without_lock_collisions_and_budget_stays_atomic" time="1.749" /><testcase classname="tests.shared.test_media_budget_restore" name="test_identical_rewrite_reused_only_when_confirmed_stored" time="0.515" /><testcase classname="tests.shared.test_media_budget_restore" name="test_interrupted_upload_resumes_without_duplicates_and_adopted_master_serves_customers" time="5.243" /><testcase classname="tests.shared.test_media_budget_restore" name="test_uncertain_preview_is_copied_not_adopted" time="5.174" /><testcase classname="tests.shared.test_media_budget_restore" name="test_active_import_slots_release_on_cancel_and_commit" time="0.614" /><testcase classname="tests.shared.test_media_cache_policy" name="test_public_media_is_cacheable_with_etag_and_conditional_requests" time="0.524" /><testcase classname="tests.shared.test_media_cache_policy" name="test_display_variants_are_bounded_and_sized_from_the_master" time="0.615" /><testcase classname="tests.shared.test_media_cache_policy" name="test_hidden_deleted_and_admin_only_media_is_never_cacheable" time="0.680" /><testcase classname="tests.shared.test_media_cache_policy" name="test_replacing_a_photo_produces_a_new_url_never_a_rewritten_one" time="0.624" /><testcase classname="tests.shared.test_media_cache_policy" name="test_banner_media_follows_the_active_flag" time="0.613" /><testcase classname="tests.shared.test_operations_iteration" name="test_otp_cooldown_is_15_seconds_server_driven_and_atomic" time="0.697" /><testcase classname="tests.shared.test_operations_iteration" name="test_session_family_slides_on_refresh_and_refresh_race_is_not_theft" time="0.694" /><testcase classname="tests.shared.test_operations_iteration" name="test_mcx_unit_conversions_are_deterministic" time="0.000" /><testcase classname="tests.shared.test_operations_iteration" name="test_mcx_display_units_round_trip_and_calculated_physical" time="0.649" /><testcase classname="tests.shared.test_operations_iteration" name="test_campaigns_audience_permissions_and_durable_delivery" time="0.841" /><testcase classname="tests.shared.test_operations_iteration" name="test_upload_executive_matrix" time="0.722" /><testcase classname="tests.shared.test_operations_iteration" name="test_disable_vs_delete_for_staff_and_customers" time="0.848" /><testcase classname="tests.shared.test_operations_iteration" name="test_legacy_executives_routes_delegate_to_the_canonical_staff_directory" time="0.688" /><testcase classname="tests.shared.test_operations_iteration" name="test_discovery_sessions_unseen_first_stable_pages_and_isolation" time="0.755" /><testcase classname="tests.shared.test_owner_admin_bootstrap" name="test_missing_owner_record_is_created_as_admin_and_signs_in_on_both_surfaces" time="0.692" /><testcase classname="tests.shared.test_owner_admin_bootstrap" name="test_existing_customer_record_is_promoted_on_the_same_id_and_old_sessions_are_revoked" time="0.614" /><testcase classname="tests.shared.test_owner_admin_bootstrap" name="test_bootstrap_refuses_conflicts_inactive_deleted_and_invalid_configuration_without_changes" time="0.588" /><testcase classname="tests.shared.test_owner_admin_bootstrap" name="test_owner_admin_is_protected_from_demotion_disabling_and_deletion" time="0.622" /><testcase classname="tests.shared.test_owner_admin_bootstrap" name="test_real_startup_handler_runs_the_bootstrap_after_indexes" time="0.544" /><testcase classname="tests.shared.test_owner_recovery_readiness" name="test_recovery_dry_run_no_write_and_customer_start" time="0.569" /><testcase classname="tests.shared.test_owner_recovery_readiness" name="test_recovery_apply_revokes_old_tokens_and_allows_fresh_admin_mobile_and_portal" time="0.684" /><testcase classname="tests.shared.test_owner_recovery_readiness" name="test_recovery_missing_approval_and_identity_negatives" time="0.590" /><testcase classname="tests.shared.test_owner_recovery_readiness" name="test_recovery_stale_hash_and_repromote_block_after_demotion" time="0.582" /><testcase classname="tests.shared.test_owner_recovery_readiness" name="test_recovery_replay_after_partial_failure_should_keep_new_sessions_valid" time="0.678" /><testcase classname="tests.shared.test_owner_recovery_readiness" name="test_health_live_and_ready_truthfulness" time="0.512" /><testcase classname="tests.shared.test_owner_recovery_readiness" name="test_protected_readiness_separate_credentials_invalid_vs_missing_and_no_writes" time="0.479" /><testcase classname="tests.shared.test_owner_recovery_readiness" name="test_readiness_same_key_even_with_whitespace_is_rejected" time="0.479" /><testcase classname="tests.shared.test_owner_recovery_readiness" name="test_readiness_database_unavailable_returns_503_but_live_stays_200" time="0.462" /><testcase classname="tests.shared.test_owner_recovery_readiness" name="test_recovery_negative_matrix_blocks_with_http_exception_and_no_reference_mutation[missing_identity-&lt;lambda&gt;-RECOVERY_IDENTITY_CONFLICT]" time="0.522" /><testcase classname="tests.shared.test_owner_recovery_readiness" name="test_recovery_negative_matrix_blocks_with_http_exception_and_no_reference_mutation[normalized_raw_mismatch-&lt;lambda&gt;-RECOVERY_PHONE_CONFLICT]" time="0.541" /><testcase classname="tests.shared.test_owner_recovery_readiness" name="test_recovery_negative_matrix_blocks_with_http_exception_and_no_reference_mutation[unsupported_role-&lt;lambda&gt;-RECOVERY_ROLE_CONFLICT]" time="0.525" /><testcase classname="tests.shared.test_owner_recovery_readiness" name="test_recovery_negative_matrix_blocks_with_http_exception_and_no_reference_mutation[inactive_account-&lt;lambda&gt;-ACCOUNT_INACTIVE]" time="0.525" /><testcase classname="tests.shared.test_owner_recovery_readiness" name="test_recovery_negative_matrix_blocks_with_http_exception_and_no_reference_mutation[pending_account-&lt;lambda&gt;-ACCOUNT_INACTIVE]" time="0.499" /><testcase classname="tests.shared.test_owner_recovery_readiness" name="test_recovery_negative_matrix_blocks_with_http_exception_and_no_reference_mutation[deleted_flags-&lt;lambda&gt;-RECOVERY_DELETED_IDENTITY]" time="0.512" /><testcase classname="tests.shared.test_owner_recovery_readiness" name="test_recovery_negative_matrix_blocks_with_http_exception_and_no_reference_mutation[schema_conflict_bad_session_history-&lt;lambda&gt;-RECOVERY_SCHEMA_CONFLICT]" time="0.533" /><testcase classname="tests.shared.test_owner_recovery_readiness" name="test_recovery_wrong_canonical_duplicate_id_operation_collision_and_cas_guard" time="0.558" /><testcase classname="tests.shared.test_owner_recovery_readiness" name="test_openapi_readiness_503_schema_matches_runtime_shape" time="0.544" /><testcase classname="tests.shared.test_owner_recovery_readiness" name="test_recovery_cli_help_and_isolated_subprocess_dry_run_apply" time="2.745" /><testcase classname="tests.shared.test_placeholder_configuration" name="test_placeholder_values_are_unconfigured_in_the_running_backend" time="2.102" /><testcase classname="tests.shared.test_placeholder_configuration" name="test_cli_refuses_placeholder_database_before_touching_mongo" time="0.609" /><testcase classname="tests.shared.test_provider_erasure_ledger" name="test_cleanup_and_provider_erasure_are_separate_outcomes" time="0.640" /><testcase classname="tests.shared.test_provider_erasure_ledger" name="test_manual_provider_request_lifecycle_is_recorded_with_dates_outcomes_and_exceptions" time="0.689" /><testcase classname="tests.shared.test_provider_erasure_ledger" name="test_ledger_endpoints_are_admin_only_and_no_procedure_stays_outstanding" time="0.632" /><testcase classname="tests.shared.test_provider_erasure_ledger" name="test_legacy_pre_shared_deletion_rows_are_stripped_merged_and_never_marked_erased" time="0.600" /><testcase classname="tests.shared.test_provider_erasure_ledger" name="test_interrupted_app_cleanup_is_resumed_only_by_an_explicit_admin_action" time="0.654" /><testcase classname="tests.shared.test_review_access_isolation" name="test_review_login_is_denied_when_review_access_is_disabled" time="0.510" /><testcase classname="tests.shared.test_review_access_isolation" name="test_reviewer_roles_come_from_server_side_accounts_only" time="3.869" /><testcase classname="tests.shared.test_review_access_isolation" name="test_reviewer_login_rate_limit_is_per_account" time="4.916" /><testcase classname="tests.shared.test_review_access_isolation" name="test_review_sessions_cannot_read_or_modify_production_records" time="2.991" /><testcase classname="tests.shared.test_review_access_isolation" name="test_review_actions_persist_in_review_database_and_simulate_external_effects" time="3.382" /><testcase classname="tests.shared.test_review_access_isolation" name="test_review_refresh_logout_rotation_and_revocation" time="3.867" /><testcase classname="tests.shared.test_review_access_isolation" name="test_forged_scope_claims_and_review_phones_cannot_cross_environments" time="2.949" /><testcase classname="tests.shared.test_review_access_isolation" name="test_simulated_review_otp_is_disclosed_only_to_its_own_authenticated_review_session" time="3.163" /><testcase classname="tests.shared.test_review_access_isolation" name="test_reviewer_deletion_then_repeat_login_starts_a_fresh_sample_profile_without_restoring_anything" time="3.869" /><testcase classname="tests.shared.test_review_owner_console" name="test_only_the_owner_in_production_scope_may_open_the_console" time="2.948" /><testcase classname="tests.shared.test_review_owner_console" name="test_keys_need_a_fresh_single_use_otp_are_shown_once_and_never_rotate_implicitly" time="5.984" /><testcase classname="tests.shared.test_review_owner_console" name="test_reset_sample_data_needs_fresh_otp_keeps_keys_and_signs_reviewers_out" time="3.856" /><testcase classname="tests.shared.test_review_owner_console" name="test_console_is_unavailable_when_review_access_is_disabled" time="0.653" /><testcase classname="tests.shared.test_review_prefixed_storage" name="test_restricted_user_serves_reviewer_sign_in_from_prefixed_collections_without_a_second_database" time="8.936" /><testcase classname="tests.shared.test_review_prefixed_storage" name="test_prefixed_view_resolves_only_review_collections_and_reset_never_touches_unprefixed_data" time="4.602" /><testcase classname="tests.shared.test_review_provisioning_cli" name="test_cli_provisions_seeds_reports_status_and_is_idempotent_on_repeat" time="7.237" /><testcase classname="tests.shared.test_review_provisioning_cli" name="test_cli_fails_closed_on_missing_or_unsafe_review_configuration" time="4.791" /><testcase classname="tests.shared.test_review_provisioning_cli" name="test_cli_private_note_rotate_revoke_and_reset" time="11.995" /><testcase classname="tests.shared.test_review_provisioning_cli" name="test_verify_step_checks_role_scope_logout_and_session_reuse" time="0.002" /><testcase classname="tests.shared.test_review_provisioning_cli" name="test_verify_note_recovery_appends_results_without_mutation" time="0.002" /><testcase classname="tests.shared.test_review_provisioning_cli" name="test_cli_verify_against_live_backend_returns_strict_exit_codes" time="21.146" /><testcase classname="tests.shared.test_review_provisioning_cli" name="test_review_ai_assistant_is_genuine_but_bounded_and_isolated" time="3.023" /><testcase classname="tests.shared.test_review_provisioning_cli" name="test_review_background_jobs_and_workers_stay_in_review_scope" time="3.329" /><testcase classname="tests.shared.test_role_route_sweep" name="test_every_gated_route_refuses_every_excluded_role" time="1.063" /><testcase classname="tests.shared.test_shared_auth_identity" name="test_otp_no_fixed_code_and_single_use" time="0.533" /><testcase classname="tests.shared.test_shared_auth_identity" name="test_otp_cooldown_and_expiry" time="0.579" /><testcase classname="tests.shared.test_shared_auth_identity" name="test_inactive_user_cannot_start_login" time="0.554" /><testcase classname="tests.shared.test_shared_auth_identity" name="test_refresh_rotation_race_grace_replay_revocation_and_idle_expiry" time="0.632" /><testcase classname="tests.shared.test_shared_auth_identity" name="test_enrollment_grant_flow_and_staff_impersonation_block" time="0.550" /><testcase classname="tests.shared.test_shared_authenticated_ui" name="test_admin_authenticated_routes_and_reviewed_pdf_flow" time="0.555"><skipped type="pytest.skip" message="Playwright is not importable in this Python environment">/app/backend/tests/shared/test_shared_authenticated_ui.py:419: Playwright is not importable in this Python environment</skipped></testcase><testcase classname="tests.shared.test_shared_authenticated_ui" name="test_telecaller_authenticated_requests_and_leads" time="0.501"><skipped type="pytest.skip" message="Playwright is not importable in this Python environment">/app/backend/tests/shared/test_shared_authenticated_ui.py:577: Playwright is not importable in this Python environment</skipped></testcase><testcase classname="tests.shared.test_shared_authenticated_ui" name="test_billing_authenticated_rates_and_slabs" time="0.621"><skipped type="pytest.skip" message="Playwright is not importable in this Python environment">/app/backend/tests/shared/test_shared_authenticated_ui.py:622: Playwright is not importable in this Python environment</skipped></testcase><testcase classname="tests.shared.test_shared_authenticated_ui" name="test_customer_authenticated_home_and_gallery" time="0.550"><skipped type="pytest.skip" message="Playwright is not importable in this Python environment">/app/backend/tests/shared/test_shared_authenticated_ui.py:655: Playwright is not importable in this Python environment</skipped></testcase><testcase classname="tests.shared.test_shared_authenticated_ui" name="test_admin_mobile_web_catalog_author_export_and_media_usage" time="0.526"><skipped type="pytest.skip" message="Playwright is not importable in this Python environment">/app/backend/tests/shared/test_shared_authenticated_ui.py:692: Playwright is not importable in this Python environment</skipped></testcase><testcase classname="tests.shared.test_shared_followup_regressions" name="test_legacy_weight_and_edit_regressions" time="0.560" /><testcase classname="tests.shared.test_shared_followup_regressions" name="test_rate_slab_legacy_display_versioning_and_role_scope" time="0.577" /><testcase classname="tests.shared.test_shared_followup_regressions" name="test_catalog_10k_stable_pagination_search_filters_and_benchmark" time="2.840" /><testcase classname="tests.shared.test_shared_followup_regressions" name="test_source_preview_rotation_mapping_offline[90]" time="1.243" /><testcase classname="tests.shared.test_shared_followup_regressions" name="test_source_preview_rotation_mapping_offline[180]" time="1.240" /><testcase classname="tests.shared.test_shared_followup_regressions" name="test_source_preview_rotation_mapping_offline[270]" time="1.236" /><testcase classname="tests.shared.test_shared_followup_regressions" name="test_media_tracked_put_maps_failure_states_and_provider_402" time="0.598" /><testcase classname="tests.shared.test_shared_followup_regressions" name="test_media_budget_quota_high_watermark_and_usage_contract" time="0.565" /><testcase classname="tests.shared.test_shared_followup_regressions" name="test_media_lifecycle_audit_preserves_references_and_blocks_unreferenced" time="0.502" /><testcase classname="tests.shared.test_shared_followup_regressions" name="test_corrupt_png_syntaxerror_returns_422" time="0.592" /><testcase classname="tests.shared.test_shared_followup_regressions" name="test_media_cache_rechecks_visibility_after_unpublish" time="0.595" /><testcase classname="tests.shared.test_shared_followup_regressions" name="test_pdf_source_rebuild_after_local_cache_loss" time="0.633" /><testcase classname="tests.shared.test_shared_followup_regressions" name="test_chunk_storage_failure_then_retry_isolated" time="0.692" /><testcase classname="tests.shared.test_shared_followup_regressions" name="test_pdf_process_job_safe_errors_for_encrypted_and_truncated[encrypted]" time="1.228" /><testcase classname="tests.shared.test_shared_followup_regressions" name="test_pdf_process_job_safe_errors_for_encrypted_and_truncated[truncated]" time="5.100" /><testcase classname="tests.shared.test_shared_followup_regressions" name="test_pdf_authoring_validations_and_owner_photo_gate" time="0.669" /><testcase classname="tests.shared.test_shared_followup_regressions" name="test_private_source_preview_and_import_file_block" time="5.622" /><testcase classname="tests.shared.test_shared_pdf_import_extended" name="test_pdf_upload_out_of_order_duplicate_and_checksum_rejection" time="0.648" /><testcase classname="tests.shared.test_shared_pdf_import_extended" name="test_pdf_upload_pause_resume_cancel_and_post_cancel_block" time="0.601" /><testcase classname="tests.shared.test_shared_pdf_import_extended" name="test_pdf_owner_authorization_enforced" time="0.620" /><testcase classname="tests.shared.test_shared_pdf_import_extended" name="test_pdf_complete_analyze_preview_crop_rejection_and_stale_commit_version" time="5.670" /><testcase classname="tests.shared.test_shared_pdf_import_extended" name="test_pdf_commit_invalid_rows_partial_then_recoverable_recommit" time="5.286" /><testcase classname="tests.shared.test_shared_pdf_import_extended" name="test_pdf_checkpoint_resume_process_job_from_next_page" time="2.873" /><testcase classname="tests.shared.test_shared_pdf_import_extended" name="test_claim_race_with_asyncio_gather" time="0.607" /><testcase classname="tests.shared.test_shared_pdf_import_extended" name="test_phone_change_success_revokes_sessions_and_delete_blocks_reenroll" time="0.678" /><testcase classname="tests.shared.test_shared_pdf_import_extended" name="test_billing_cannot_write_request_mutations" time="0.614" /><testcase classname="tests.shared.test_shared_pdf_import_extended" name="test_requests_visible_to_staff_roles_over_200_customer_created" time="0.717" /><testcase classname="tests.shared.test_shared_pdf_media_reconcile" name="test_upload_image_rejects_non_image" time="0.625" /><testcase classname="tests.shared.test_shared_pdf_media_reconcile" name="test_sample_pdf_exact_product_codes_and_guide_pages" time="2.127" /><testcase classname="tests.shared.test_shared_pdf_media_reconcile" name="test_sample_pdf_crop_pixel_similarity_to_fixture_jpegs" time="2.045" /><testcase classname="tests.shared.test_shared_pdf_media_reconcile" name="test_pdf_cropbox_rejected_and_blank_layout_rejected" time="0.003" /><testcase classname="tests.shared.test_shared_pdf_media_reconcile" name="test_reconcile_identity_dry_run_contract_owner_admin" time="0.000" /><testcase classname="tests.shared.test_shared_pdf_races_followup" name="test_chunk_put_race_single_manifest_entry_and_retry_consistency" time="0.570" /><testcase classname="tests.shared.test_shared_pdf_races_followup" name="test_commit_race_same_version_idempotent_result_no_duplicate_products" time="5.297" /><testcase classname="tests.shared.test_shared_pdf_races_followup" name="test_commit_cancel_race_single_terminal_outcome_and_consistent_publication" time="5.330" /><testcase classname="tests.shared.test_shared_pdf_races_followup" name="test_thumbnail_write_failure_then_retry_recovers_exactly_one_product" time="5.223" /><testcase classname="tests.shared.test_shared_pdf_races_followup" name="test_simulated_expired_lease_checkpoint_recovery_without_row_duplication" time="4.637" /><testcase classname="tests.shared.test_shared_people_queries_rates" name="test_last_admin_guard_blocks_demotion" time="0.618" /><testcase classname="tests.shared.test_shared_people_queries_rates" name="test_service_key_exchange_requires_same_subject" time="0.547" /><testcase classname="tests.shared.test_shared_people_queries_rates" name="test_phone_change_conflict_has_no_partial_update" time="0.539" /><testcase classname="tests.shared.test_shared_people_queries_rates" name="test_requests_listing_pagination_and_types_over_200" time="0.586" /><testcase classname="tests.shared.test_shared_people_queries_rates" name="test_telecaller_claim_race_and_resolver_ownership" time="0.605" /><testcase classname="tests.shared.test_shared_people_queries_rates" name="test_metrics_ist_summary_handles_zero_and_data" time="0.604" /><testcase classname="tests.shared.test_shared_people_queries_rates" name="test_rates_and_rate_slab_role_scope" time="0.542" /><testcase classname="tests.shared.test_staff_phone_change" name="test_canonical_phone_keeps_indian_ten_digits_and_e164_for_supported_countries" time="0.008" /><testcase classname="tests.shared.test_staff_phone_change" name="test_international_login_creates_one_e164_account_without_duplicates" time="0.638" /><testcase classname="tests.shared.test_staff_phone_change" name="test_preview_classifies_available_customer_staff_and_unchanged_numbers" time="0.568" /><testcase classname="tests.shared.test_staff_phone_change" name="test_unused_number_change_preserves_identity_revokes_sessions_and_requires_verification" time="0.587" /><testcase classname="tests.shared.test_staff_phone_change" name="test_conflicts_confirmation_permissions_and_protections" time="0.615" /><testcase classname="tests.shared.test_staff_phone_change" name="test_recent_authentication_is_required" time="0.580" /><testcase classname="tests.shared.test_staff_phone_change" name="test_confirmation_is_bound_to_the_exact_account_and_number" time="0.551" /><testcase classname="tests.shared.test_staff_phone_change" name="test_simultaneous_requests_with_the_same_key_share_one_result" time="1.185" /><testcase classname="tests.shared.test_staff_phone_change" name="test_failure_after_the_account_update_is_recoverable" time="16.762" /><testcase classname="tests.shared.test_staff_phone_change" name="test_interrupted_operation_is_completed_by_the_next_operation_on_the_same_staff_member" time="0.611" /><testcase classname="tests.shared.test_staff_phone_change" name="test_concurrent_submissions_produce_exactly_one_change" time="0.827" /><testcase classname="tests.shared.test_staff_phone_change" name="test_customer_promotion_keeps_two_people_separate" time="0.557" /><testcase classname="tests.shared.test_verification_gaps_2026_09_20" name="test_receipts_disable_unregistered_devices_and_retry_on_transport_failure" time="0.611" /><testcase classname="tests.shared.test_verification_gaps_2026_09_20" name="test_deleting_staff_and_customers_keeps_completion_attribution_and_business_records" time="0.743" /><testcase classname="tests.shared.test_website_dependencies_d2_d3_d4" name="test_d2_static_customer_search_reaches_billing_handler_before_dynamic_route" time="0.541" /><testcase classname="tests.shared.test_website_dependencies_d2_d3_d4" name="test_d2_search_role_scope_and_directory_protection" time="0.675" /><testcase classname="tests.shared.test_website_dependencies_d2_d3_d4" name="test_d2_dynamic_customer_id_route_still_resolves" time="0.584" /><testcase classname="tests.shared.test_website_dependencies_d2_d3_d4" name="test_d3_customer_id_filter_exact_paginated_history_over_100_records" time="0.645" /><testcase classname="tests.shared.test_website_dependencies_d2_d3_d4" name="test_d3_customer_id_validation_missing_ids_role_scope_and_deleted_history" time="0.653" /><testcase classname="tests.shared.test_website_dependencies_d2_d3_d4" name="test_d4_101st_event_visible_after_first_100_website_acks" time="0.507" /><testcase classname="tests.shared.test_website_dependencies_d2_d3_d4" name="test_d4_stable_cursor_pagination_without_gaps_or_duplicates" time="0.531" /><testcase classname="tests.shared.test_website_dependencies_d2_d3_d4" name="test_d4_idempotent_consumer_specific_ack_retry_and_authorization" time="0.612" /><testcase classname="tests.shared.test_website_dependencies_d2_d3_d4" name="test_d4_deleted_customer_is_not_resurrected_by_enrollment_after_ack" time="0.580" /></testsuite></testsuites>