<?xml version="1.0" encoding="utf-8"?><testsuites name="pytest tests"><testsuite name="pytest" errors="0" failures="1" skipped="0" tests="1" time="41.547" timestamp="2026-09-11T13:39:01.303535+00:00" hostname="agent-env-14c982ce-fcba-4f94-8821-ec2bc44c4db3"><testcase classname="tests.shared.test_shared_authenticated_ui" name="test_admin_mobile_web_catalog_author_export_and_media_usage" time="41.325"><failure message="playwright._impl._errors.TimeoutError: Page.click: Timeout 30000ms exceeded.&#10;Call log:&#10;  - waiting for locator(&quot;[data-testid=\&quot;pm-list\&quot;]&quot;)&#10;    - locator resolved to 2 elements. Proceeding with the first one: &lt;div tabindex=&quot;0&quot; data-testid=&quot;pm-list&quot; class=&quot;css-view-g5y9jx r-transitionProperty-1i6wzkk r-userSelect-lrvibr r-cursor-1loqt21 r-touchAction-1otgn73 r-backgroundColor-oji9zj r-borderColor-hoph7w r-borderRadius-1867qdf r-borderWidth-rs99b7 r-padding-d23pfw r-width-ejscvd&quot;&gt;…&lt;/div&gt;&#10;  - attempting click action&#10;    2 × waiting for element to be visible, enabled and stable&#10;      - element is not visible&#10;    - retrying click action&#10;    - waiting 20ms&#10;    2 × waiting for element to be visible, enabled and stable&#10;      - element is not visible&#10;    - retrying click action&#10;      - waiting 100ms&#10;    58 × waiting for element to be visible, enabled and stable&#10;       - element is not visible&#10;     - retrying click action&#10;       - waiting 500ms">tests/shared/test_shared_authenticated_ui.py:860: in test_admin_mobile_web_catalog_author_export_and_media_usage
    await page.click('[data-testid="pm-list"]')
/opt/plugins-venv/lib/python3.11/site-packages/playwright/async_api/_generated.py:9931: in click
    await self._impl_obj.click(
/opt/plugins-venv/lib/python3.11/site-packages/playwright/_impl/_page.py:854: in click
    return await self._main_frame._click(**locals_to_params(locals()))
           ^^^^^^^^^^^^^^^^^^^^^^^^^^^^^^^^^^^^^^^^^^^^^^^^^^^^^^^^^^^
/opt/plugins-venv/lib/python3.11/site-packages/playwright/_impl/_frame.py:566: in _click
    await self._channel.send("click", self._timeout, locals_to_params(locals()))
/opt/plugins-venv/lib/python3.11/site-packages/playwright/_impl/_connection.py:69: in send
    return await self._connection.wrap_api_call(
/opt/plugins-venv/lib/python3.11/site-packages/playwright/_impl/_connection.py:559: in wrap_api_call
    raise rewrite_error(error, f"{parsed_st['apiName']}: {error}") from None
E   playwright._impl._errors.TimeoutError: Page.click: Timeout 30000ms exceeded.
E   Call log:
E     - waiting for locator("[data-testid=\"pm-list\"]")
E       - locator resolved to 2 elements. Proceeding with the first one: &lt;div tabindex="0" data-testid="pm-list" class="css-view-g5y9jx r-transitionProperty-1i6wzkk r-userSelect-lrvibr r-cursor-1loqt21 r-touchAction-1otgn73 r-backgroundColor-oji9zj r-borderColor-hoph7w r-borderRadius-1867qdf r-borderWidth-rs99b7 r-padding-d23pfw r-width-ejscvd"&gt;…&lt;/div&gt;
E     - attempting click action
E       2 × waiting for element to be visible, enabled and stable
E         - element is not visible
E       - retrying click action
E       - waiting 20ms
E       2 × waiting for element to be visible, enabled and stable
E         - element is not visible
E       - retrying click action
E         - waiting 100ms
E       58 × waiting for element to be visible, enabled and stable
E          - element is not visible
E        - retrying click action
E          - waiting 500ms</failure></testcase></testsuite></testsuites>