<?xml version="1.0" encoding="utf-8"?><testsuites name="pytest tests"><testsuite name="pytest" errors="0" failures="1" skipped="0" tests="1" time="22.924" timestamp="2026-09-11T13:24:57.696558+00:00" hostname="agent-env-14c982ce-fcba-4f94-8821-ec2bc44c4db3"><testcase classname="tests.shared.test_shared_authenticated_ui" name="test_admin_mobile_web_catalog_author_export_and_media_usage" time="22.730"><failure message="playwright._impl._errors.TimeoutError: Page.wait_for_selector: Timeout 15000ms exceeded.&#10;Call log:&#10;  - waiting for locator(&quot;[data-testid=\&quot;author-photo-preview\&quot;]&quot;) to be visible">api_client = &lt;httpx.AsyncClient object at 0xfe43bf92bf10&gt;
isolated_db = {'db': AsyncIOMotorDatabase(Database(MongoClient(host=['localhost:27017'], document_class=dict, tz_aware=False, connec...x03\x00\x01+\tM\x84\x00\x00\x00\x00IEND\xaeB`\x82', 'image/png'), ...}, 'sent_otps': {('9999813334', 'login'): '1374'}}
seeded_users = {'u_admin': {'_id': ObjectId('6aa4012a114fca0514a31429'), 'account_status': 'active', 'created_at': '2026-09-11T13:24:...0514a3142e'), 'account_status': 'active', 'created_at': '2026-09-11T13:24:58.070152+00:00', 'id': 'u_cust2', ...}, ...}

    @pytest.mark.asyncio
    async def test_admin_mobile_web_catalog_author_export_and_media_usage(api_client, isolated_db, seeded_users):
        """Admin mobile-web routed journey: catalog(&lt;=40/page,next/prev/filter/search,DOM/heap) -&gt; author upload/export parse -&gt; media usage."""
        if async_playwright is None:
            pytest.skip("Playwright is not importable in this Python environment")
    
        await _seed_ui_data(isolated_db)
        await _seed_catalog_metadata(isolated_db, total=300)
    
        pw, browser, context, page = await _start_routed_browser(api_client)
        try:
            await _login_via_otp_ui(page, isolated_db, "9999813334", "panel")
            await page.click('[data-testid="panel-tab-products"]')
            await page.wait_for_selector('[data-testid="pm-list"]', timeout=15000)
            await page.click('[data-testid="pm-list"]')
            await page.wait_for_selector('[data-testid="catalog-title"]', timeout=15000)
    
            await page.wait_for_selector('[data-testid^="catalog-product-"]', timeout=15000)
            rendered = await page.locator('[data-testid^="catalog-product-"]').count()
            assert 1 &lt;= rendered &lt;= 40, f"virtualized render count should stay &lt;=40, got {rendered}"
    
            async with page.expect_response(lambda r: "/api/products?page=2&amp;limit=40" in r.url and r.request.method == "GET") as page2_info:
                await page.click('[data-testid="catalog-next"]')
            assert (await page2_info.value).status == 200
    
            async with page.expect_response(lambda r: "/api/products?page=1&amp;limit=40" in r.url and r.request.method == "GET") as page1_info:
                await page.click('[data-testid="catalog-prev"]')
            assert (await page1_info.value).status == 200
    
            await page.click('[data-testid="catalog-metal-silver"]')
            await page.wait_for_timeout(900)
            metas = await page.locator('[data-testid^="catalog-meta-"]').all_text_contents()
            assert metas and all("silver" in m for m in metas[: min(8, len(metas))])
    
            await page.fill('[data-testid="catalog-search"]', 'TESTMETA-00299')
            await page.wait_for_timeout(1200)
            total_text = await page.inner_text('[data-testid="catalog-total"]')
            total_value = int(re.search(r"(\d+)", total_text).group(1))
            # Document current indexed text behavior: tokenized OR under active silver filter.
            assert total_value == 150
    
            await page.fill('[data-testid="catalog-search"]', '00299')
            await page.wait_for_timeout(1200)
            numeric_text = await page.inner_text('[data-testid="catalog-total"]')
            numeric_value = int(re.search(r"(\d+)", numeric_text).group(1))
            assert numeric_value == 0, "Search must intersect the active silver filter; item299 is gold"
            async with page.expect_response(lambda r: '/api/products?' in r.url and 'metal_type=' in r.url and r.request.method == 'GET') as unfiltered:
                await page.click('[data-testid="catalog-metal-all"]')
            assert (await unfiltered.value).status == 200
            await page.get_by_text('1 products · at most 40 held per page', exact=True).wait_for(timeout=15000)
            await page.fill('[data-testid="catalog-search"]', '')
            await page.get_by_test_id('catalog-next').wait_for(state='visible')
    
            before = await page.evaluate(
                """() =&gt; ({
                    dom_nodes: document.querySelectorAll('*').length,
                    heap_bytes: performance.memory ? performance.memory.usedJSHeapSize : null
                })"""
            )
            for _ in range(8):
                await page.mouse.wheel(0, 900)
                await page.wait_for_timeout(120)
            after = await page.evaluate(
                """() =&gt; ({
                    dom_nodes: document.querySelectorAll('*').length,
                    heap_bytes: performance.memory ? performance.memory.usedJSHeapSize : null
                })"""
            )
            Path("/app/test_reports/mobile_web_catalog_scroll_metrics_iteration16.json").write_text(
                json.dumps({"label": "mobile-web", "dataset": 300, "before": before, "after": after}, indent=2)
            )
            await page.screenshot(path="/app/test_reports/iteration16_catalog_mobile_web.jpeg", quality=40)
    
            await page.click('[data-testid="catalog-create"]')
            await page.get_by_text('Create your catalogue', exact=True).wait_for(timeout=15000)
            await page.fill('[data-testid="author-product_code"]', 'TEST-AUTHOR-001')
            await page.locator('[data-testid="author-title"]').last.fill('TEST Authored Necklace')
            await page.fill('[data-testid="author-category-custom"]', 'necklace')
            await page.fill('[data-testid="author-purity"]', '925')
            await page.fill('[data-testid="author-approx_weight"]', '25-35 g per pair')
    
            async with page.expect_file_chooser() as chooser_info:
                await page.click('[data-testid="author-photo"]')
            chooser = await chooser_info.value
            await chooser.set_files(str(Path('/app/backend/fixtures/catalog-v1/silver.jpg')))
&gt;           await page.wait_for_selector('[data-testid="author-photo-preview"]', timeout=15000)

backend/tests/shared/test_shared_authenticated_ui.py:641: 
_ _ _ _ _ _ _ _ _ _ _ _ _ _ _ _ _ _ _ _ _ _ _ _ _ _ _ _ _ _ _ _ _ _ _ _ _ _ _ _ 
/opt/plugins-venv/lib/python3.11/site-packages/playwright/async_api/_generated.py:8234: in wait_for_selector
    await self._impl_obj.wait_for_selector(
/opt/plugins-venv/lib/python3.11/site-packages/playwright/_impl/_page.py:419: in wait_for_selector
    return await self._main_frame.wait_for_selector(**locals_to_params(locals()))
           ^^^^^^^^^^^^^^^^^^^^^^^^^^^^^^^^^^^^^^^^^^^^^^^^^^^^^^^^^^^^^^^^^^^^^^
/opt/plugins-venv/lib/python3.11/site-packages/playwright/_impl/_frame.py:369: in wait_for_selector
    await self._channel.send(
/opt/plugins-venv/lib/python3.11/site-packages/playwright/_impl/_connection.py:69: in send
    return await self._connection.wrap_api_call(
_ _ _ _ _ _ _ _ _ _ _ _ _ _ _ _ _ _ _ _ _ _ _ _ _ _ _ _ _ _ _ _ _ _ _ _ _ _ _ _ 

self = &lt;playwright._impl._connection.Connection object at 0xfe43bf7a0950&gt;
cb = &lt;function Channel.send.&lt;locals&gt;.&lt;lambda&gt; at 0xfe43bc732700&gt;
is_internal = False, title = None

    async def wrap_api_call(
        self, cb: Callable[[], Any], is_internal: bool = False, title: str = None
    ) -&gt; Any:
        if self._api_zone.get():
            return await cb()
        task = asyncio.current_task(self._loop)
        st: List[inspect.FrameInfo] = getattr(
            task, "__pw_stack__", None
        ) or inspect.stack(0)
    
        parsed_st = _extract_stack_trace_information_from_stack(st, is_internal, title)
        self._api_zone.set(parsed_st)
        try:
            return await cb()
        except Exception as error:
&gt;           raise rewrite_error(error, f"{parsed_st['apiName']}: {error}") from None
E           playwright._impl._errors.TimeoutError: Page.wait_for_selector: Timeout 15000ms exceeded.
E           Call log:
E             - waiting for locator("[data-testid=\"author-photo-preview\"]") to be visible

/opt/plugins-venv/lib/python3.11/site-packages/playwright/_impl/_connection.py:559: TimeoutError</failure></testcase></testsuite></testsuites>