<?xml version="1.0" encoding="utf-8"?><testsuites name="pytest tests"><testsuite name="pytest" errors="0" failures="0" skipped="0" tests="4" time="4.507" timestamp="2026-09-11T13:29:27.449000+00:00" hostname="agent-env-14c982ce-fcba-4f94-8821-ec2bc44c4db3"><testcase classname="tests.shared.test_shared_followup_regressions" name="test_legacy_weight_and_edit_regressions" time="0.604" /><testcase classname="tests.shared.test_shared_followup_regressions" name="test_source_preview_rotation_mapping_offline[90]" time="1.279" /><testcase classname="tests.shared.test_shared_followup_regressions" name="test_source_preview_rotation_mapping_offline[180]" time="1.270" /><testcase classname="tests.shared.test_shared_followup_regressions" name="test_source_preview_rotation_mapping_offline[270]" time="1.267" /></testsuite></testsuites>