<?xml version="1.0" encoding="utf-8"?><testsuites name="pytest tests"><testsuite name="pytest" errors="0" failures="0" skipped="5" tests="109" time="149.337" timestamp="2026-09-12T16:16:00.103451+00:00" hostname="agent-env-3a65beeb-cc3d-4c33-b5b8-8b559e3f71b8"><testcase classname="tests.shared.test_icon_font_fallback" name="test_ionicons_fallback_serves_exact_version_matched_font_without_auth" time="0.201" /><testcase classname="tests.shared.test_icon_font_fallback" name="test_font_route_is_fixed_and_not_a_file_proxy" time="0.203" /><testcase classname="tests.shared.test_owner_recovery_readiness" name="test_recovery_dry_run_no_write_and_customer_start" time="0.209" /><testcase classname="tests.shared.test_owner_recovery_readiness" name="test_recovery_apply_revokes_old_tokens_and_allows_fresh_admin_mobile_and_portal" time="0.293" /><testcase classname="tests.shared.test_owner_recovery_readiness" name="test_recovery_missing_approval_and_identity_negatives" time="0.236" /><testcase classname="tests.shared.test_owner_recovery_readiness" name="test_recovery_stale_hash_and_repromote_block_after_demotion" time="0.235" /><testcase classname="tests.shared.test_owner_recovery_readiness" name="test_recovery_replay_after_partial_failure_should_keep_new_sessions_valid" time="0.261" /><testcase classname="tests.shared.test_owner_recovery_readiness" name="test_health_live_and_ready_truthfulness" time="0.187" /><testcase classname="tests.shared.test_owner_recovery_readiness" name="test_protected_readiness_separate_credentials_invalid_vs_missing_and_no_writes" time="0.195" /><testcase classname="tests.shared.test_owner_recovery_readiness" name="test_readiness_same_key_even_with_whitespace_is_rejected" time="0.195" /><testcase classname="tests.shared.test_owner_recovery_readiness" name="test_readiness_database_unavailable_returns_503_but_live_stays_200" time="0.191" /><testcase classname="tests.shared.test_owner_recovery_readiness" name="test_recovery_negative_matrix_blocks_with_http_exception_and_no_reference_mutation[missing_identity-&lt;lambda&gt;-RECOVERY_IDENTITY_CONFLICT]" time="0.205" /><testcase classname="tests.shared.test_owner_recovery_readiness" name="test_recovery_negative_matrix_blocks_with_http_exception_and_no_reference_mutation[normalized_raw_mismatch-&lt;lambda&gt;-RECOVERY_PHONE_CONFLICT]" time="0.210" /><testcase classname="tests.shared.test_owner_recovery_readiness" name="test_recovery_negative_matrix_blocks_with_http_exception_and_no_reference_mutation[unsupported_role-&lt;lambda&gt;-RECOVERY_ROLE_CONFLICT]" time="0.218" /><testcase classname="tests.shared.test_owner_recovery_readiness" name="test_recovery_negative_matrix_blocks_with_http_exception_and_no_reference_mutation[inactive_account-&lt;lambda&gt;-ACCOUNT_INACTIVE]" time="0.237" /><testcase classname="tests.shared.test_owner_recovery_readiness" name="test_recovery_negative_matrix_blocks_with_http_exception_and_no_reference_mutation[pending_account-&lt;lambda&gt;-ACCOUNT_INACTIVE]" time="0.211" /><testcase classname="tests.shared.test_owner_recovery_readiness" name="test_recovery_negative_matrix_blocks_with_http_exception_and_no_reference_mutation[deleted_flags-&lt;lambda&gt;-RECOVERY_DELETED_IDENTITY]" time="0.211" /><testcase classname="tests.shared.test_owner_recovery_readiness" name="test_recovery_negative_matrix_blocks_with_http_exception_and_no_reference_mutation[schema_conflict_bad_session_history-&lt;lambda&gt;-RECOVERY_SCHEMA_CONFLICT]" time="0.229" /><testcase classname="tests.shared.test_owner_recovery_readiness" name="test_recovery_wrong_canonical_duplicate_id_operation_collision_and_cas_guard" time="0.231" /><testcase classname="tests.shared.test_owner_recovery_readiness" name="test_openapi_readiness_503_schema_matches_runtime_shape" time="0.268" /><testcase classname="tests.shared.test_owner_recovery_readiness" name="test_recovery_cli_help_and_isolated_subprocess_dry_run_apply" time="2.300" /><testcase classname="tests.shared.test_placeholder_configuration" name="test_placeholder_values_are_unconfigured_in_the_running_backend" time="1.954" /><testcase classname="tests.shared.test_placeholder_configuration" name="test_cli_refuses_placeholder_review_database_before_touching_mongo" time="0.605" /><testcase classname="tests.shared.test_review_access_isolation" name="test_review_login_is_denied_when_no_review_database_is_configured" time="0.198" /><testcase classname="tests.shared.test_review_access_isolation" name="test_reviewer_roles_come_from_server_side_accounts_only" time="3.094" /><testcase classname="tests.shared.test_review_access_isolation" name="test_reviewer_login_rate_limit_is_per_account" time="3.063" /><testcase classname="tests.shared.test_review_access_isolation" name="test_review_sessions_cannot_read_or_modify_production_records" time="2.048" /><testcase classname="tests.shared.test_review_access_isolation" name="test_review_actions_persist_in_review_database_and_simulate_external_effects" time="2.285" /><testcase classname="tests.shared.test_review_access_isolation" name="test_review_refresh_logout_rotation_and_revocation" time="3.195" /><testcase classname="tests.shared.test_review_access_isolation" name="test_forged_scope_claims_and_review_phones_cannot_cross_environments" time="1.969" /><testcase classname="tests.shared.test_review_access_isolation" name="test_review_deletion_flow_stays_out_of_the_website_outbox" time="2.293" /><testcase classname="tests.shared.test_review_provisioning_cli" name="test_cli_provisions_seeds_reports_status_and_is_idempotent_on_repeat" time="5.712" /><testcase classname="tests.shared.test_review_provisioning_cli" name="test_cli_fails_closed_on_missing_or_unsafe_review_configuration" time="4.095" /><testcase classname="tests.shared.test_review_provisioning_cli" name="test_cli_private_note_rotate_revoke_and_reset" time="10.738" /><testcase classname="tests.shared.test_review_provisioning_cli" name="test_verify_step_checks_role_scope_logout_and_session_reuse" time="0.002" /><testcase classname="tests.shared.test_review_provisioning_cli" name="test_verify_note_recovery_appends_results_without_mutation" time="0.002" /><testcase classname="tests.shared.test_review_provisioning_cli" name="test_cli_verify_against_live_backend_returns_strict_exit_codes" time="15.553" /><testcase classname="tests.shared.test_review_provisioning_cli" name="test_review_ai_assistant_is_genuine_but_bounded_and_isolated" time="3.722" /><testcase classname="tests.shared.test_review_provisioning_cli" name="test_review_background_jobs_and_workers_stay_in_review_scope" time="2.296" /><testcase classname="tests.shared.test_review_storage_hotfix" name="test_restricted_user_review_database_cannot_be_initialised_directly" time="0.837" /><testcase classname="tests.shared.test_review_storage_hotfix" name="test_unauthorised_review_database_does_not_crash_startup_and_fails_closed" time="7.491" /><testcase classname="tests.shared.test_review_storage_hotfix" name="test_review_database_equal_to_main_database_is_refused_at_startup" time="0.546" /><testcase classname="tests.shared.test_review_storage_hotfix" name="test_injected_authorisation_failure_marks_review_unavailable_and_excludes_workers" time="4.720" /><testcase classname="tests.shared.test_review_storage_hotfix" name="test_authorised_separate_review_database_still_initialises_and_isolates" time="0.674" /><testcase classname="tests.shared.test_review_storage_hotfix" name="test_main_database_failure_is_not_absorbed_by_the_review_handler" time="0.223" /><testcase classname="tests.shared.test_review_storage_hotfix" name="test_placeholder_review_name_means_no_review_database_handle_at_all" time="1.064" /><testcase classname="tests.shared.test_shared_auth_identity" name="test_otp_no_fixed_code_and_single_use" time="0.258" /><testcase classname="tests.shared.test_shared_auth_identity" name="test_otp_cooldown_and_expiry" time="0.251" /><testcase classname="tests.shared.test_shared_auth_identity" name="test_inactive_user_cannot_start_login" time="0.223" /><testcase classname="tests.shared.test_shared_auth_identity" name="test_refresh_rotation_and_reuse_revokes_family" time="0.282" /><testcase classname="tests.shared.test_shared_auth_identity" name="test_enrollment_grant_flow_and_staff_impersonation_block" time="0.254" /><testcase classname="tests.shared.test_shared_authenticated_ui" name="test_admin_authenticated_routes_and_reviewed_pdf_flow" time="0.226"><skipped type="pytest.skip" message="Playwright is not importable in this Python environment">/app/backend/tests/shared/test_shared_authenticated_ui.py:419: Playwright is not importable in this Python environment</skipped></testcase><testcase classname="tests.shared.test_shared_authenticated_ui" name="test_telecaller_authenticated_requests_and_leads" time="0.219"><skipped type="pytest.skip" message="Playwright is not importable in this Python environment">/app/backend/tests/shared/test_shared_authenticated_ui.py:577: Playwright is not importable in this Python environment</skipped></testcase><testcase classname="tests.shared.test_shared_authenticated_ui" name="test_billing_authenticated_rates_and_slabs" time="0.237"><skipped type="pytest.skip" message="Playwright is not importable in this Python environment">/app/backend/tests/shared/test_shared_authenticated_ui.py:622: Playwright is not importable in this Python environment</skipped></testcase><testcase classname="tests.shared.test_shared_authenticated_ui" name="test_customer_authenticated_home_and_gallery" time="0.231"><skipped type="pytest.skip" message="Playwright is not importable in this Python environment">/app/backend/tests/shared/test_shared_authenticated_ui.py:655: Playwright is not importable in this Python environment</skipped></testcase><testcase classname="tests.shared.test_shared_authenticated_ui" name="test_admin_mobile_web_catalog_author_export_and_media_usage" time="0.225"><skipped type="pytest.skip" message="Playwright is not importable in this Python environment">/app/backend/tests/shared/test_shared_authenticated_ui.py:692: Playwright is not importable in this Python environment</skipped></testcase><testcase classname="tests.shared.test_shared_followup_regressions" name="test_legacy_weight_and_edit_regressions" time="0.285" /><testcase classname="tests.shared.test_shared_followup_regressions" name="test_rate_slab_legacy_display_versioning_and_role_scope" time="0.292" /><testcase classname="tests.shared.test_shared_followup_regressions" name="test_catalog_10k_stable_pagination_search_filters_and_benchmark" time="2.477" /><testcase classname="tests.shared.test_shared_followup_regressions" name="test_source_preview_rotation_mapping_offline[90]" time="1.270" /><testcase classname="tests.shared.test_shared_followup_regressions" name="test_source_preview_rotation_mapping_offline[180]" time="1.260" /><testcase classname="tests.shared.test_shared_followup_regressions" name="test_source_preview_rotation_mapping_offline[270]" time="1.261" /><testcase classname="tests.shared.test_shared_followup_regressions" name="test_media_tracked_put_maps_failure_states_and_provider_402" time="0.228" /><testcase classname="tests.shared.test_shared_followup_regressions" name="test_media_budget_quota_high_watermark_and_usage_contract" time="0.266" /><testcase classname="tests.shared.test_shared_followup_regressions" name="test_media_lifecycle_audit_preserves_references_and_blocks_unreferenced" time="0.230" /><testcase classname="tests.shared.test_shared_followup_regressions" name="test_corrupt_png_syntaxerror_returns_422" time="0.257" /><testcase classname="tests.shared.test_shared_followup_regressions" name="test_media_cache_rechecks_visibility_after_unpublish" time="0.300" /><testcase classname="tests.shared.test_shared_followup_regressions" name="test_pdf_source_rebuild_after_local_cache_loss" time="0.309" /><testcase classname="tests.shared.test_shared_followup_regressions" name="test_chunk_storage_failure_then_retry_isolated" time="0.280" /><testcase classname="tests.shared.test_shared_followup_regressions" name="test_pdf_process_job_safe_errors_for_encrypted_and_truncated[encrypted]" time="0.796" /><testcase classname="tests.shared.test_shared_followup_regressions" name="test_pdf_process_job_safe_errors_for_encrypted_and_truncated[truncated]" time="4.528" /><testcase classname="tests.shared.test_shared_followup_regressions" name="test_pdf_authoring_validations_and_owner_photo_gate" time="0.360" /><testcase classname="tests.shared.test_shared_followup_regressions" name="test_private_source_preview_and_import_file_block" time="5.039" /><testcase classname="tests.shared.test_shared_pdf_import_extended" name="test_pdf_upload_out_of_order_duplicate_and_checksum_rejection" time="0.356" /><testcase classname="tests.shared.test_shared_pdf_import_extended" name="test_pdf_upload_pause_resume_cancel_and_post_cancel_block" time="0.272" /><testcase classname="tests.shared.test_shared_pdf_import_extended" name="test_pdf_owner_authorization_enforced" time="0.296" /><testcase classname="tests.shared.test_shared_pdf_import_extended" name="test_pdf_complete_analyze_preview_crop_rejection_and_stale_commit_version" time="5.034" /><testcase classname="tests.shared.test_shared_pdf_import_extended" name="test_pdf_commit_invalid_rows_partial_then_recoverable_recommit" time="4.810" /><testcase classname="tests.shared.test_shared_pdf_import_extended" name="test_pdf_checkpoint_resume_process_job_from_next_page" time="2.351" /><testcase classname="tests.shared.test_shared_pdf_import_extended" name="test_claim_race_with_asyncio_gather" time="0.272" /><testcase classname="tests.shared.test_shared_pdf_import_extended" name="test_phone_change_success_revokes_sessions_and_delete_blocks_reenroll" time="0.327" /><testcase classname="tests.shared.test_shared_pdf_import_extended" name="test_billing_cannot_write_request_mutations" time="0.266" /><testcase classname="tests.shared.test_shared_pdf_import_extended" name="test_requests_visible_to_staff_roles_over_200_customer_created" time="0.385" /><testcase classname="tests.shared.test_shared_pdf_media_reconcile" name="test_upload_image_rejects_non_image" time="0.317" /><testcase classname="tests.shared.test_shared_pdf_media_reconcile" name="test_sample_pdf_exact_product_codes_and_guide_pages" time="2.159" /><testcase classname="tests.shared.test_shared_pdf_media_reconcile" name="test_sample_pdf_crop_pixel_similarity_to_fixture_jpegs" time="2.070" /><testcase classname="tests.shared.test_shared_pdf_media_reconcile" name="test_pdf_cropbox_rejected_and_blank_layout_rejected" time="0.003" /><testcase classname="tests.shared.test_shared_pdf_media_reconcile" name="test_reconcile_identity_dry_run_contract_owner_admin" time="0.000" /><testcase classname="tests.shared.test_shared_pdf_races_followup" name="test_chunk_put_race_single_manifest_entry_and_retry_consistency" time="0.315" /><testcase classname="tests.shared.test_shared_pdf_races_followup" name="test_commit_race_same_version_idempotent_result_no_duplicate_products" time="4.835" /><testcase classname="tests.shared.test_shared_pdf_races_followup" name="test_commit_cancel_race_single_terminal_outcome_and_consistent_publication" time="4.789" /><testcase classname="tests.shared.test_shared_pdf_races_followup" name="test_thumbnail_write_failure_then_retry_recovers_exactly_one_product" time="4.715" /><testcase classname="tests.shared.test_shared_pdf_races_followup" name="test_simulated_expired_lease_checkpoint_recovery_without_row_duplication" time="4.117" /><testcase classname="tests.shared.test_shared_people_queries_rates" name="test_last_admin_guard_blocks_demotion" time="0.268" /><testcase classname="tests.shared.test_shared_people_queries_rates" name="test_service_key_exchange_requires_same_subject" time="0.273" /><testcase classname="tests.shared.test_shared_people_queries_rates" name="test_phone_change_conflict_has_no_partial_update" time="0.283" /><testcase classname="tests.shared.test_shared_people_queries_rates" name="test_requests_listing_pagination_and_types_over_200" time="0.295" /><testcase classname="tests.shared.test_shared_people_queries_rates" name="test_telecaller_claim_race_and_resolver_ownership" time="0.294" /><testcase classname="tests.shared.test_shared_people_queries_rates" name="test_metrics_ist_summary_handles_zero_and_data" time="0.275" /><testcase classname="tests.shared.test_shared_people_queries_rates" name="test_rates_and_rate_slab_role_scope" time="0.281" /><testcase classname="tests.shared.test_website_dependencies_d2_d3_d4" name="test_d2_static_customer_search_reaches_billing_handler_before_dynamic_route" time="0.258" /><testcase classname="tests.shared.test_website_dependencies_d2_d3_d4" name="test_d2_search_role_scope_and_directory_protection" time="0.317" /><testcase classname="tests.shared.test_website_dependencies_d2_d3_d4" name="test_d2_dynamic_customer_id_route_still_resolves" time="0.281" /><testcase classname="tests.shared.test_website_dependencies_d2_d3_d4" name="test_d3_customer_id_filter_exact_paginated_history_over_100_records" time="0.333" /><testcase classname="tests.shared.test_website_dependencies_d2_d3_d4" name="test_d3_customer_id_validation_missing_ids_role_scope_and_deleted_history" time="0.367" /><testcase classname="tests.shared.test_website_dependencies_d2_d3_d4" name="test_d4_101st_event_visible_after_first_100_website_acks" time="0.233" /><testcase classname="tests.shared.test_website_dependencies_d2_d3_d4" name="test_d4_stable_cursor_pagination_without_gaps_or_duplicates" time="0.240" /><testcase classname="tests.shared.test_website_dependencies_d2_d3_d4" name="test_d4_idempotent_consumer_specific_ack_retry_and_authorization" time="0.252" /><testcase classname="tests.shared.test_website_dependencies_d2_d3_d4" name="test_d4_deleted_customer_is_not_resurrected_by_enrollment_after_ack" time="0.352" /></testsuite></testsuites>