<?xml version="1.0" encoding="utf-8"?><testsuites name="pytest tests"><testsuite name="pytest" errors="0" failures="0" skipped="0" tests="6" time="11.450" timestamp="2026-09-15T10:48:34.543581+00:00" hostname="agent-env-4b1752b3-609e-4893-8aba-b885a248c23c"><testcase classname="tests.shared.test_media_budget_restore" name="test_budget_error_names_limit_usage_and_configured_value" time="0.278" /><testcase classname="tests.shared.test_media_budget_restore" name="test_concurrent_writes_run_in_parallel_without_lock_collisions_and_budget_stays_atomic" time="1.400" /><testcase classname="tests.shared.test_media_budget_restore" name="test_identical_rewrite_reused_only_when_confirmed_stored" time="0.271" /><testcase classname="tests.shared.test_media_budget_restore" name="test_interrupted_upload_resumes_without_duplicates_and_adopted_master_serves_customers" time="4.570" /><testcase classname="tests.shared.test_media_budget_restore" name="test_uncertain_preview_is_copied_not_adopted" time="4.544" /><testcase classname="tests.shared.test_media_budget_restore" name="test_active_import_slots_release_on_cancel_and_commit" time="0.371" /></testsuite></testsuites>