<?xml version="1.0" encoding="utf-8"?><testsuites name="pytest tests"><testsuite name="pytest" errors="0" failures="0" skipped="0" tests="32" time="53.334" timestamp="2026-09-15T10:48:51.150751+00:00" hostname="agent-env-4b1752b3-609e-4893-8aba-b885a248c23c"><testcase classname="tests.shared.test_shared_pdf_races_followup" name="test_chunk_put_race_single_manifest_entry_and_retry_consistency" time="0.327" /><testcase classname="tests.shared.test_shared_pdf_races_followup" name="test_commit_race_same_version_idempotent_result_no_duplicate_products" time="4.786" /><testcase classname="tests.shared.test_shared_pdf_races_followup" name="test_commit_cancel_race_single_terminal_outcome_and_consistent_publication" time="4.708" /><testcase classname="tests.shared.test_shared_pdf_races_followup" name="test_thumbnail_write_failure_then_retry_recovers_exactly_one_product" time="4.664" /><testcase classname="tests.shared.test_shared_pdf_races_followup" name="test_simulated_expired_lease_checkpoint_recovery_without_row_duplication" time="4.132" /><testcase classname="tests.shared.test_shared_pdf_import_extended" name="test_pdf_upload_out_of_order_duplicate_and_checksum_rejection" time="0.381" /><testcase classname="tests.shared.test_shared_pdf_import_extended" name="test_pdf_upload_pause_resume_cancel_and_post_cancel_block" time="0.325" /><testcase classname="tests.shared.test_shared_pdf_import_extended" name="test_pdf_owner_authorization_enforced" time="0.304" /><testcase classname="tests.shared.test_shared_pdf_import_extended" name="test_pdf_complete_analyze_preview_crop_rejection_and_stale_commit_version" time="5.129" /><testcase classname="tests.shared.test_shared_pdf_import_extended" name="test_pdf_commit_invalid_rows_partial_then_recoverable_recommit" time="4.827" /><testcase classname="tests.shared.test_shared_pdf_import_extended" name="test_pdf_checkpoint_resume_process_job_from_next_page" time="2.291" /><testcase classname="tests.shared.test_shared_pdf_import_extended" name="test_claim_race_with_asyncio_gather" time="0.308" /><testcase classname="tests.shared.test_shared_pdf_import_extended" name="test_phone_change_success_revokes_sessions_and_delete_blocks_reenroll" time="0.358" /><testcase classname="tests.shared.test_shared_pdf_import_extended" name="test_billing_cannot_write_request_mutations" time="0.285" /><testcase classname="tests.shared.test_shared_pdf_import_extended" name="test_requests_visible_to_staff_roles_over_200_customer_created" time="0.431" /><testcase classname="tests.shared.test_shared_followup_regressions" name="test_legacy_weight_and_edit_regressions" time="0.342" /><testcase classname="tests.shared.test_shared_followup_regressions" name="test_rate_slab_legacy_display_versioning_and_role_scope" time="0.319" /><testcase classname="tests.shared.test_shared_followup_regressions" name="test_catalog_10k_stable_pagination_search_filters_and_benchmark" time="2.795" /><testcase classname="tests.shared.test_shared_followup_regressions" name="test_source_preview_rotation_mapping_offline[90]" time="1.268" /><testcase classname="tests.shared.test_shared_followup_regressions" name="test_source_preview_rotation_mapping_offline[180]" time="1.258" /><testcase classname="tests.shared.test_shared_followup_regressions" name="test_source_preview_rotation_mapping_offline[270]" time="1.261" /><testcase classname="tests.shared.test_shared_followup_regressions" name="test_media_tracked_put_maps_failure_states_and_provider_402" time="0.329" /><testcase classname="tests.shared.test_shared_followup_regressions" name="test_media_budget_quota_high_watermark_and_usage_contract" time="0.260" /><testcase classname="tests.shared.test_shared_followup_regressions" name="test_media_lifecycle_audit_preserves_references_and_blocks_unreferenced" time="0.240" /><testcase classname="tests.shared.test_shared_followup_regressions" name="test_corrupt_png_syntaxerror_returns_422" time="0.308" /><testcase classname="tests.shared.test_shared_followup_regressions" name="test_media_cache_rechecks_visibility_after_unpublish" time="0.310" /><testcase classname="tests.shared.test_shared_followup_regressions" name="test_pdf_source_rebuild_after_local_cache_loss" time="0.338" /><testcase classname="tests.shared.test_shared_followup_regressions" name="test_chunk_storage_failure_then_retry_isolated" time="0.350" /><testcase classname="tests.shared.test_shared_followup_regressions" name="test_pdf_process_job_safe_errors_for_encrypted_and_truncated[encrypted]" time="0.884" /><testcase classname="tests.shared.test_shared_followup_regressions" name="test_pdf_process_job_safe_errors_for_encrypted_and_truncated[truncated]" time="4.418" /><testcase classname="tests.shared.test_shared_followup_regressions" name="test_pdf_authoring_validations_and_owner_photo_gate" time="0.460" /><testcase classname="tests.shared.test_shared_followup_regressions" name="test_private_source_preview_and_import_file_block" time="4.899" /></testsuite></testsuites>