<?xml version="1.0" encoding="utf-8"?><testsuites name="pytest tests"><testsuite name="pytest" errors="0" failures="0" skipped="0" tests="41" time="43.925" timestamp="2026-09-12T21:53:46.340345+00:00" hostname="agent-env-3a65beeb-cc3d-4c33-b5b8-8b559e3f71b8"><testcase classname="tests.shared.test_owner_admin_bootstrap" name="test_missing_owner_record_is_created_as_admin_and_signs_in_on_both_surfaces" time="0.258" /><testcase classname="tests.shared.test_owner_admin_bootstrap" name="test_existing_customer_record_is_promoted_on_the_same_id_and_old_sessions_are_revoked" time="0.252" /><testcase classname="tests.shared.test_owner_admin_bootstrap" name="test_bootstrap_refuses_conflicts_inactive_deleted_and_invalid_configuration_without_changes" time="0.210" /><testcase classname="tests.shared.test_owner_admin_bootstrap" name="test_owner_admin_is_protected_from_demotion_disabling_and_deletion" time="0.241" /><testcase classname="tests.shared.test_owner_admin_bootstrap" name="test_real_startup_handler_runs_the_bootstrap_after_indexes" time="0.208" /><testcase classname="tests.shared.test_owner_recovery_readiness" name="test_recovery_dry_run_no_write_and_customer_start" time="0.225" /><testcase classname="tests.shared.test_owner_recovery_readiness" name="test_recovery_apply_revokes_old_tokens_and_allows_fresh_admin_mobile_and_portal" time="0.294" /><testcase classname="tests.shared.test_owner_recovery_readiness" name="test_recovery_missing_approval_and_identity_negatives" time="0.220" /><testcase classname="tests.shared.test_owner_recovery_readiness" name="test_recovery_stale_hash_and_repromote_block_after_demotion" time="0.235" /><testcase classname="tests.shared.test_owner_recovery_readiness" name="test_recovery_replay_after_partial_failure_should_keep_new_sessions_valid" time="0.277" /><testcase classname="tests.shared.test_owner_recovery_readiness" name="test_health_live_and_ready_truthfulness" time="0.202" /><testcase classname="tests.shared.test_owner_recovery_readiness" name="test_protected_readiness_separate_credentials_invalid_vs_missing_and_no_writes" time="0.200" /><testcase classname="tests.shared.test_owner_recovery_readiness" name="test_readiness_same_key_even_with_whitespace_is_rejected" time="0.196" /><testcase classname="tests.shared.test_owner_recovery_readiness" name="test_readiness_database_unavailable_returns_503_but_live_stays_200" time="0.193" /><testcase classname="tests.shared.test_owner_recovery_readiness" name="test_recovery_negative_matrix_blocks_with_http_exception_and_no_reference_mutation[missing_identity-&lt;lambda&gt;-RECOVERY_IDENTITY_CONFLICT]" time="0.219" /><testcase classname="tests.shared.test_owner_recovery_readiness" name="test_recovery_negative_matrix_blocks_with_http_exception_and_no_reference_mutation[normalized_raw_mismatch-&lt;lambda&gt;-RECOVERY_PHONE_CONFLICT]" time="0.228" /><testcase classname="tests.shared.test_owner_recovery_readiness" name="test_recovery_negative_matrix_blocks_with_http_exception_and_no_reference_mutation[unsupported_role-&lt;lambda&gt;-RECOVERY_ROLE_CONFLICT]" time="0.234" /><testcase classname="tests.shared.test_owner_recovery_readiness" name="test_recovery_negative_matrix_blocks_with_http_exception_and_no_reference_mutation[inactive_account-&lt;lambda&gt;-ACCOUNT_INACTIVE]" time="0.214" /><testcase classname="tests.shared.test_owner_recovery_readiness" name="test_recovery_negative_matrix_blocks_with_http_exception_and_no_reference_mutation[pending_account-&lt;lambda&gt;-ACCOUNT_INACTIVE]" time="0.228" /><testcase classname="tests.shared.test_owner_recovery_readiness" name="test_recovery_negative_matrix_blocks_with_http_exception_and_no_reference_mutation[deleted_flags-&lt;lambda&gt;-RECOVERY_DELETED_IDENTITY]" time="0.226" /><testcase classname="tests.shared.test_owner_recovery_readiness" name="test_recovery_negative_matrix_blocks_with_http_exception_and_no_reference_mutation[schema_conflict_bad_session_history-&lt;lambda&gt;-RECOVERY_SCHEMA_CONFLICT]" time="0.232" /><testcase classname="tests.shared.test_owner_recovery_readiness" name="test_recovery_wrong_canonical_duplicate_id_operation_collision_and_cas_guard" time="0.241" /><testcase classname="tests.shared.test_owner_recovery_readiness" name="test_openapi_readiness_503_schema_matches_runtime_shape" time="0.282" /><testcase classname="tests.shared.test_owner_recovery_readiness" name="test_recovery_cli_help_and_isolated_subprocess_dry_run_apply" time="2.303" /><testcase classname="tests.shared.test_review_storage_hotfix" name="test_restricted_user_review_database_cannot_be_initialised_directly" time="0.871" /><testcase classname="tests.shared.test_review_storage_hotfix" name="test_unauthorised_review_database_does_not_crash_startup_and_fails_closed" time="7.464" /><testcase classname="tests.shared.test_review_storage_hotfix" name="test_review_database_equal_to_main_database_is_refused_at_startup" time="0.520" /><testcase classname="tests.shared.test_review_storage_hotfix" name="test_injected_authorisation_failure_marks_review_unavailable_and_excludes_workers" time="4.733" /><testcase classname="tests.shared.test_review_storage_hotfix" name="test_authorised_separate_review_database_still_initialises_and_isolates" time="0.648" /><testcase classname="tests.shared.test_review_storage_hotfix" name="test_main_database_failure_is_not_absorbed_by_the_review_handler" time="0.218" /><testcase classname="tests.shared.test_review_storage_hotfix" name="test_placeholder_review_name_means_no_review_database_handle_at_all" time="1.089" /><testcase classname="tests.shared.test_placeholder_configuration" name="test_placeholder_values_are_unconfigured_in_the_running_backend" time="1.943" /><testcase classname="tests.shared.test_placeholder_configuration" name="test_cli_refuses_placeholder_review_database_before_touching_mongo" time="0.586" /><testcase classname="tests.shared.test_review_access_isolation" name="test_review_login_is_denied_when_no_review_database_is_configured" time="0.206" /><testcase classname="tests.shared.test_review_access_isolation" name="test_reviewer_roles_come_from_server_side_accounts_only" time="3.118" /><testcase classname="tests.shared.test_review_access_isolation" name="test_reviewer_login_rate_limit_is_per_account" time="3.068" /><testcase classname="tests.shared.test_review_access_isolation" name="test_review_sessions_cannot_read_or_modify_production_records" time="2.066" /><testcase classname="tests.shared.test_review_access_isolation" name="test_review_actions_persist_in_review_database_and_simulate_external_effects" time="2.275" /><testcase classname="tests.shared.test_review_access_isolation" name="test_review_refresh_logout_rotation_and_revocation" time="3.147" /><testcase classname="tests.shared.test_review_access_isolation" name="test_forged_scope_claims_and_review_phones_cannot_cross_environments" time="2.003" /><testcase classname="tests.shared.test_review_access_isolation" name="test_review_deletion_flow_stays_out_of_the_website_outbox" time="2.304" /></testsuite></testsuites>