<?xml version="1.0" encoding="utf-8"?><testsuites name="pytest tests"><testsuite name="pytest" errors="0" failures="0" skipped="0" tests="21" time="59.837" timestamp="2026-09-14T14:06:23.949240+00:00" hostname="agent-env-93ff0c3d-1ceb-4a34-9d6a-f97ab57c5df2"><testcase classname="tests.test_iteration28_live_preview" name="test_b5_assets" time="0.006" /><testcase classname="tests.shared.test_ai_consent_and_deletion" name="test_no_text_reaches_the_provider_without_current_consent_and_withdrawal_purges_history" time="2.210" /><testcase classname="tests.shared.test_ai_consent_and_deletion" name="test_in_flight_reply_after_withdrawal_is_not_stored" time="0.702" /><testcase classname="tests.shared.test_ai_consent_and_deletion" name="test_account_deletion_removes_analytics_ai_history_consent_and_reports_truthfully" time="0.919" /><testcase classname="tests.shared.test_review_provisioning_cli" name="test_cli_provisions_seeds_reports_status_and_is_idempotent_on_repeat" time="7.002" /><testcase classname="tests.shared.test_review_provisioning_cli" name="test_cli_fails_closed_on_missing_or_unsafe_review_configuration" time="4.791" /><testcase classname="tests.shared.test_review_provisioning_cli" name="test_cli_private_note_rotate_revoke_and_reset" time="12.122" /><testcase classname="tests.shared.test_review_provisioning_cli" name="test_verify_step_checks_role_scope_logout_and_session_reuse" time="0.002" /><testcase classname="tests.shared.test_review_provisioning_cli" name="test_verify_note_recovery_appends_results_without_mutation" time="0.002" /><testcase classname="tests.shared.test_review_provisioning_cli" name="test_cli_verify_against_live_backend_returns_strict_exit_codes" time="19.246" /><testcase classname="tests.shared.test_review_provisioning_cli" name="test_review_ai_assistant_is_genuine_but_bounded_and_isolated" time="2.970" /><testcase classname="tests.shared.test_review_provisioning_cli" name="test_review_background_jobs_and_workers_stay_in_review_scope" time="3.435" /><testcase classname="tests.shared.test_website_dependencies_d2_d3_d4" name="test_d2_static_customer_search_reaches_billing_handler_before_dynamic_route" time="0.739" /><testcase classname="tests.shared.test_website_dependencies_d2_d3_d4" name="test_d2_search_role_scope_and_directory_protection" time="0.737" /><testcase classname="tests.shared.test_website_dependencies_d2_d3_d4" name="test_d2_dynamic_customer_id_route_still_resolves" time="0.722" /><testcase classname="tests.shared.test_website_dependencies_d2_d3_d4" name="test_d3_customer_id_filter_exact_paginated_history_over_100_records" time="0.746" /><testcase classname="tests.shared.test_website_dependencies_d2_d3_d4" name="test_d3_customer_id_validation_missing_ids_role_scope_and_deleted_history" time="0.841" /><testcase classname="tests.shared.test_website_dependencies_d2_d3_d4" name="test_d4_101st_event_visible_after_first_100_website_acks" time="0.619" /><testcase classname="tests.shared.test_website_dependencies_d2_d3_d4" name="test_d4_stable_cursor_pagination_without_gaps_or_duplicates" time="0.633" /><testcase classname="tests.shared.test_website_dependencies_d2_d3_d4" name="test_d4_idempotent_consumer_specific_ack_retry_and_authorization" time="0.596" /><testcase classname="tests.shared.test_website_dependencies_d2_d3_d4" name="test_d4_deleted_customer_is_not_resurrected_by_enrollment_after_ack" time="0.764" /></testsuite></testsuites>