<?xml version="1.0" encoding="utf-8"?><testsuites name="pytest tests"><testsuite name="pytest" errors="0" failures="0" skipped="0" tests="5" time="41.224" timestamp="2026-09-13T11:33:38.259990+00:00" hostname="agent-env-1113d269-2d82-4ccd-ab00-f9775a373ffb"><testcase classname="tests.test_iteration27_live_preview" name="test_b4_pdf_job_isolation_correct_payload" time="6.012" /><testcase classname="tests.test_iteration27_live_preview" name="test_b7_disposable_customer_ai_and_delete_401" time="20.991" /><testcase classname="tests.test_iteration27_live_preview" name="test_b6_reviewer_delete_and_recreate" time="13.936" /><testcase classname="tests.test_iteration27_live_preview" name="test_b10_no_sms_to_disposable_phones" time="0.001" /><testcase classname="tests.test_iteration27_live_preview" name="test_b10_health_review_accounts_enabled" time="0.140" /></testsuite></testsuites>