<?xml version="1.0" encoding="utf-8"?><testsuites name="pytest tests"><testsuite name="pytest" errors="0" failures="0" skipped="0" tests="9" time="2.657" timestamp="2026-09-14T16:29:50.657266+00:00" hostname="agent-env-93ff0c3d-1ceb-4a34-9d6a-f97ab57c5df2"><testcase classname="tests.test_iteration31_live_preview.TestListing" name="test_int_row_present_and_interrupted" time="0.735" /><testcase classname="tests.test_iteration31_live_preview.TestListing" name="test_customer_row_present_external_pending" time="0.145" /><testcase classname="tests.test_iteration31_live_preview.TestGuardsBeforeResume" name="test_wrong_state_returns_409" time="0.159" /><testcase classname="tests.test_iteration31_live_preview.TestGuardsBeforeResume" name="test_unknown_reference_returns_404" time="0.182" /><testcase classname="tests.test_iteration31_live_preview.TestGuardsBeforeResume" name="test_unauth_returns_401" time="0.143" /><testcase classname="tests.test_iteration31_live_preview.TestHealthAndOpenAPI" name="test_health_deletion_ready" time="0.181" /><testcase classname="tests.test_iteration31_live_preview.TestHealthAndOpenAPI" name="test_openapi_lists_cleanup_endpoint" time="0.269" /><testcase classname="tests.test_iteration31_live_preview.TestProviderActionLifecycle" name="test_request_and_reopen" time="0.290" /><testcase classname="tests.test_iteration31_live_preview.TestResumeCleanup" name="test_resume_success_and_second_call_409" time="0.491" /></testsuite></testsuites>