<?xml version="1.0" encoding="utf-8"?><testsuites name="pytest tests"><testsuite name="pytest" errors="0" failures="0" skipped="0" tests="8" time="6.937" timestamp="2026-09-09T15:13:40.541245+00:00" hostname="agent-env-d58348e6-f3b5-4915-8600-fd96b23c20de"><testcase classname="backend.tests.test_iteration9_integration_v6.TestHealth" name="test_health_integration_block" time="0.173" /><testcase classname="backend.tests.test_iteration9_integration_v6.TestIntegrationAuth" name="test_post_without_header_401" time="0.168" /><testcase classname="backend.tests.test_iteration9_integration_v6.TestIntegrationAuth" name="test_post_wrong_key_401" time="0.206" /><testcase classname="backend.tests.test_iteration9_integration_v6.TestIntegrationAuth" name="test_get_without_header_401" time="0.144" /><testcase classname="backend.tests.test_iteration9_integration_v6.TestIntegrationUpsert" name="test_full_upsert_and_delete_flow" time="0.987" /><testcase classname="backend.tests.test_iteration9_integration_v6.TestIntegrationDelete" name="test_delete_flow" time="0.971" /><testcase classname="backend.tests.test_iteration9_integration_v6.TestInAppDeletion" name="test_in_app_deletion_and_admin_log" time="2.852" /><testcase classname="backend.tests.test_iteration9_integration_v6.TestRegression" name="test_profile_update_and_lists" time="1.356" /></testsuite></testsuites>