<?xml version="1.0" encoding="utf-8"?><testsuites name="pytest tests"><testsuite name="pytest" errors="0" failures="0" skipped="0" tests="7" time="2.253" timestamp="2026-09-04T13:31:05.987569+00:00" hostname="agent-env-d58348e6-f3b5-4915-8600-fd96b23c20de"><testcase classname="tests.test_iteration8_sms_v5.TestHealthV5" name="test_health_v5_shape_and_no_secrets" time="0.361" /><testcase classname="tests.test_iteration8_sms_v5.TestAdminDiagnosticsV5" name="test_diag_has_server_env" time="0.236" /><testcase classname="tests.test_iteration8_sms_v5.TestBuiltInDefaultSubprocess" name="test_subprocess_default_template" time="1.292" /><testcase classname="tests.test_iteration8_sms_v5.TestRegression" name="test_send_otp_demo" time="0.078" /><testcase classname="tests.test_iteration8_sms_v5.TestRegression" name="test_verify_otp_demo" time="0.075" /><testcase classname="tests.test_iteration8_sms_v5.TestRegression" name="test_send_otp_unknown" time="0.075" /><testcase classname="tests.test_iteration8_sms_v5.TestRegression" name="test_products" time="0.076" /></testsuite></testsuites>