<?xml version="1.0" encoding="utf-8"?><testsuites name="pytest tests"><testsuite name="pytest" errors="0" failures="0" skipped="0" tests="19" time="10.770" timestamp="2026-09-12T03:48:35.627517+00:00" hostname="agent-env-3a65beeb-cc3d-4c33-b5b8-8b559e3f71b8"><testcase classname="tests.shared.test_owner_recovery_readiness" name="test_recovery_dry_run_no_write_and_customer_start" time="0.232" /><testcase classname="tests.shared.test_owner_recovery_readiness" name="test_recovery_apply_revokes_old_tokens_and_allows_fresh_admin_mobile_and_portal" time="0.303" /><testcase classname="tests.shared.test_owner_recovery_readiness" name="test_recovery_missing_approval_and_identity_negatives" time="0.240" /><testcase classname="tests.shared.test_owner_recovery_readiness" name="test_recovery_stale_hash_and_repromote_block_after_demotion" time="0.238" /><testcase classname="tests.shared.test_owner_recovery_readiness" name="test_recovery_replay_after_partial_failure_should_keep_new_sessions_valid" time="0.286" /><testcase classname="tests.shared.test_owner_recovery_readiness" name="test_health_live_and_ready_truthfulness" time="0.220" /><testcase classname="tests.shared.test_owner_recovery_readiness" name="test_protected_readiness_separate_credentials_invalid_vs_missing_and_no_writes" time="0.209" /><testcase classname="tests.shared.test_owner_recovery_readiness" name="test_readiness_same_key_even_with_whitespace_is_rejected" time="0.204" /><testcase classname="tests.shared.test_owner_recovery_readiness" name="test_readiness_database_unavailable_returns_503_but_live_stays_200" time="0.210" /><testcase classname="tests.shared.test_owner_recovery_readiness" name="test_recovery_negative_matrix_blocks_with_http_exception_and_no_reference_mutation[missing_identity-&lt;lambda&gt;-RECOVERY_IDENTITY_CONFLICT]" time="0.228" /><testcase classname="tests.shared.test_owner_recovery_readiness" name="test_recovery_negative_matrix_blocks_with_http_exception_and_no_reference_mutation[normalized_raw_mismatch-&lt;lambda&gt;-RECOVERY_PHONE_CONFLICT]" time="0.252" /><testcase classname="tests.shared.test_owner_recovery_readiness" name="test_recovery_negative_matrix_blocks_with_http_exception_and_no_reference_mutation[unsupported_role-&lt;lambda&gt;-RECOVERY_ROLE_CONFLICT]" time="4.386" /><testcase classname="tests.shared.test_owner_recovery_readiness" name="test_recovery_negative_matrix_blocks_with_http_exception_and_no_reference_mutation[inactive_account-&lt;lambda&gt;-ACCOUNT_INACTIVE]" time="0.246" /><testcase classname="tests.shared.test_owner_recovery_readiness" name="test_recovery_negative_matrix_blocks_with_http_exception_and_no_reference_mutation[pending_account-&lt;lambda&gt;-ACCOUNT_INACTIVE]" time="0.248" /><testcase classname="tests.shared.test_owner_recovery_readiness" name="test_recovery_negative_matrix_blocks_with_http_exception_and_no_reference_mutation[deleted_flags-&lt;lambda&gt;-RECOVERY_DELETED_IDENTITY]" time="0.235" /><testcase classname="tests.shared.test_owner_recovery_readiness" name="test_recovery_negative_matrix_blocks_with_http_exception_and_no_reference_mutation[schema_conflict_bad_session_history-&lt;lambda&gt;-RECOVERY_SCHEMA_CONFLICT]" time="0.230" /><testcase classname="tests.shared.test_owner_recovery_readiness" name="test_recovery_wrong_canonical_duplicate_id_operation_collision_and_cas_guard" time="0.239" /><testcase classname="tests.shared.test_owner_recovery_readiness" name="test_openapi_readiness_503_schema_matches_runtime_shape" time="0.255" /><testcase classname="tests.shared.test_owner_recovery_readiness" name="test_recovery_cli_help_and_isolated_subprocess_dry_run_apply" time="2.281" /></testsuite></testsuites>