<?xml version="1.0" encoding="utf-8"?><testsuites name="pytest tests"><testsuite name="pytest" errors="0" failures="0" skipped="0" tests="5" time="2.505" timestamp="2026-09-14T14:16:30.603920+00:00" hostname="agent-env-93ff0c3d-1ceb-4a34-9d6a-f97ab57c5df2"><testcase classname="tests.test_iteration29_live_preview" name="test_reconciliation_no_legacy_ack_review_scope" time="0.005" /><testcase classname="tests.test_iteration29_live_preview" name="test_reconciliation_no_legacy_ack_unprefixed" time="0.001" /><testcase classname="tests.test_iteration29_live_preview" name="test_b3_retest_review_scope_forbidden" time="0.885" /><testcase classname="tests.test_iteration29_live_preview" name="test_b3_retest_anonymous_unauthorised" time="0.179" /><testcase classname="tests.test_iteration29_live_preview" name="test_b4_retest_deletion_converges" time="1.308" /></testsuite></testsuites>