<?xml version="1.0" encoding="utf-8"?><testsuites name="pytest tests"><testsuite name="pytest" errors="0" failures="0" skipped="3" tests="25" time="282.997" timestamp="2026-09-13T11:11:57.854962+00:00" hostname="agent-env-1113d269-2d82-4ccd-ab00-f9775a373ffb"><testcase classname="tests.test_iteration26_live_preview" name="test_b1_review_login_flow[store-review-customer]" time="1.085" /><testcase classname="tests.test_iteration26_live_preview" name="test_b1_review_login_flow[store-review-admin]" time="2.086" /><testcase classname="tests.test_iteration26_live_preview" name="test_b1_review_login_flow[store-review-telecaller]" time="1.057" /><testcase classname="tests.test_iteration26_live_preview" name="test_b1_review_login_flow[store-review-billing]" time="1.033" /><testcase classname="tests.test_iteration26_live_preview" name="test_b1_wrong_key" time="0.387" /><testcase classname="tests.test_iteration26_live_preview" name="test_b1_unknown_reviewer" time="0.337" /><testcase classname="tests.test_iteration26_live_preview" name="test_b2_reviewer_admin_customer_list_only_synthetic" time="0.471" /><testcase classname="tests.test_iteration26_live_preview" name="test_b2_reviewer_admin_genuine_id_not_found" time="0.156" /><testcase classname="tests.test_iteration26_live_preview" name="test_b2_reviewer_admin_products_all_review_prefixed" time="0.152" /><testcase classname="tests.test_iteration26_live_preview" name="test_b2_reviewer_admin_analytics_total_products" time="0.116" /><testcase classname="tests.test_iteration26_live_preview" name="test_b2_disposable_admin_no_synthetic" time="0.241" /><testcase classname="tests.test_iteration26_live_preview" name="test_b3_request_isolated_write" time="0.473" /><testcase classname="tests.test_iteration26_live_preview" name="test_b3_uploaded_image_download_isolation" time="0.966" /><testcase classname="tests.test_iteration26_live_preview" name="test_b3_staff_add_isolated" time="0.138" /><testcase classname="tests.test_iteration26_live_preview" name="test_b3_sms_test_simulated" time="0.136" /><testcase classname="tests.test_iteration26_live_preview" name="test_b4_pdf_job_isolation" time="0.123"><skipped type="pytest.skip" message="pdf-upload/init not available: 422 {&quot;code&quot;:&quot;VALIDATION_ERROR&quot;,&quot;detail&quot;:&quot;Check the required fields&quot;,&quot;fields&quot;:[&quot;body.batch_id&quot;,&quot;body.file_size&quot;,&quot;body.sha256&quot;">/app/backend/tests/test_iteration26_live_preview.py:366: pdf-upload/init not available: 422 {"code":"VALIDATION_ERROR","detail":"Check the required fields","fields":["body.batch_id","body.file_size","body.sha256"</skipped></testcase><testcase classname="tests.test_iteration26_live_preview" name="test_b4_pdf_template_export" time="0.183" /><testcase classname="tests.test_iteration26_live_preview" name="test_b5_review_delete_request_shows_simulated_otp" time="0.150" /><testcase classname="tests.test_iteration26_live_preview" name="test_b5_send_otp_review_no_simulated_leak" time="0.135" /><testcase classname="tests.test_iteration26_live_preview" name="test_b5_dead_token_delete_request_401" time="0.605" /><testcase classname="tests.test_iteration26_live_preview" name="test_b5_wrong_otp_confirm_400" time="66.044" /><testcase classname="tests.test_iteration26_live_preview" name="test_b6_reviewer_delete_and_recreate" time="203.153"><skipped type="pytest.skip" message="OTP rate limit on review-customer-0001; retry after cooldown. body={&quot;code&quot;:&quot;OTP_RATE_LIMIT&quot;,&quot;detail&quot;:&quot;Too many attempts; please wait before trying again&quot;}">/app/backend/tests/test_iteration26_live_preview.py:533: OTP rate limit on review-customer-0001; retry after cooldown. body={"code":"OTP_RATE_LIMIT","detail":"Too many attempts; please wait before trying again"}</skipped></testcase><testcase classname="tests.test_iteration26_live_preview" name="test_b7_disposable_customer_ai_and_delete" time="0.120"><skipped type="pytest.skip" message="disposable_customer fixture already consumed (account tombstoned). B7 was verified during this session's earlier run; main agent must reissue fixtures for a clean rerun.">/app/backend/tests/test_iteration26_live_preview.py:616: disposable_customer fixture already consumed (account tombstoned). B7 was verified during this session's earlier run; main agent must reissue fixtures for a clean rerun.</skipped></testcase><testcase classname="tests.test_iteration26_live_preview" name="test_b8_owner_console_negatives" time="3.381" /><testcase classname="tests.test_iteration26_live_preview" name="test_b9_health_shape" time="0.139" /></testsuite></testsuites>