<?xml version="1.0" encoding="utf-8"?><testsuites name="pytest tests"><testsuite name="pytest" errors="0" failures="0" skipped="0" tests="21" time="3.458" timestamp="2026-08-31T15:41:13.008872+00:00" hostname="agent-env-d58348e6-f3b5-4915-8600-fd96b23c20de"><testcase classname="backend.tests.test_iteration6_unified_login.TestUnregisteredAndInactive" name="test_unregistered_send_otp_returns_404" time="0.146" /><testcase classname="backend.tests.test_iteration6_unified_login.TestUnregisteredAndInactive" name="test_unregistered_second_send_still_404_no_user_created" time="0.402" /><testcase classname="backend.tests.test_iteration6_unified_login.TestUnregisteredAndInactive" name="test_inactive_send_otp_returns_403" time="0.061" /><testcase classname="backend.tests.test_iteration6_unified_login.TestUnregisteredAndInactive" name="test_inactive_verify_otp_returns_403" time="0.079" /><testcase classname="backend.tests.test_iteration6_unified_login.TestWebsiteCustomerLogin" name="test_login_returns_website_fields" time="0.156" /><testcase classname="backend.tests.test_iteration6_unified_login.TestWebsiteCustomerLogin" name="test_auth_me_returns_all_website_fields" time="0.191" /><testcase classname="backend.tests.test_iteration6_unified_login.TestProfileEditing" name="test_put_profile_updates_and_syncs_city" time="0.218" /><testcase classname="backend.tests.test_iteration6_unified_login.TestProfileEditing" name="test_put_profile_ignores_role_and_phone" time="0.058" /><testcase classname="backend.tests.test_iteration6_unified_login.TestPhoneChange" name="test_phone_change_request_duplicate_returns_409" time="0.078" /><testcase classname="backend.tests.test_iteration6_unified_login.TestPhoneChange" name="test_phone_change_request_invalid_returns_400" time="0.061" /><testcase classname="backend.tests.test_iteration6_unified_login.TestTelecallerCRM" name="test_executive_role_returned_on_login" time="0.137" /><testcase classname="backend.tests.test_iteration6_unified_login.TestTelecallerCRM" name="test_get_telecaller_customers_assigned_scope" time="0.216" /><testcase classname="backend.tests.test_iteration6_unified_login.TestTelecallerCRM" name="test_telecaller_summary_shape" time="0.071" /><testcase classname="backend.tests.test_iteration6_unified_login.TestTelecallerCRM" name="test_status_change_action_records_activity" time="0.245" /><testcase classname="backend.tests.test_iteration6_unified_login.TestTelecallerCRM" name="test_invalid_status_returns_422" time="0.145" /><testcase classname="backend.tests.test_iteration6_unified_login.TestRoleGuards" name="test_customer_cannot_access_telecaller_customers" time="0.063" /><testcase classname="backend.tests.test_iteration6_unified_login.TestRoleGuards" name="test_customer_cannot_access_admin_customers" time="0.076" /><testcase classname="backend.tests.test_iteration6_unified_login.TestRoleGuards" name="test_executive_cannot_access_admin_customers" time="0.070" /><testcase classname="backend.tests.test_iteration6_unified_login.TestRoleGuards" name="test_executive_cannot_action_unassigned_customer" time="0.218" /><testcase classname="backend.tests.test_iteration6_unified_login.TestAdminCustomerFields" name="test_customers_list_has_new_fields" time="0.066" /><testcase classname="backend.tests.test_iteration6_unified_login.TestAdminCustomerFields" name="test_patch_assign_salesperson_then_deactivate_reactivate" time="0.621" /></testsuite></testsuites>