<?xml version="1.0" encoding="utf-8"?><testsuites name="pytest tests"><testsuite name="pytest" errors="0" failures="0" skipped="0" tests="19" time="3.323" timestamp="2026-09-14T15:03:34.554981+00:00" hostname="agent-env-93ff0c3d-1ceb-4a34-9d6a-f97ab57c5df2"><testcase classname="tests.test_iteration30_live_preview.TestListingStructure" name="test_listing_structure_and_providers" time="0.609" /><testcase classname="tests.test_iteration30_live_preview.TestProviderLifecycle" name="test_0_baseline_reopen" time="0.192" /><testcase classname="tests.test_iteration30_live_preview.TestProviderLifecycle" name="test_1_confirmed_from_not_requested_returns_409_provider_state" time="0.154" /><testcase classname="tests.test_iteration30_live_preview.TestProviderLifecycle" name="test_2_requested_transitions_ok" time="0.160" /><testcase classname="tests.test_iteration30_live_preview.TestProviderLifecycle" name="test_3_confirmed_short_outcome_returns_422" time="0.079" /><testcase classname="tests.test_iteration30_live_preview.TestProviderLifecycle" name="test_4_refused_without_exception_returns_422" time="0.076" /><testcase classname="tests.test_iteration30_live_preview.TestProviderLifecycle" name="test_5_refused_with_exception_ok" time="0.150" /><testcase classname="tests.test_iteration30_live_preview.TestProviderLifecycle" name="test_6_reopen_from_refused_to_requested" time="0.163" /><testcase classname="tests.test_iteration30_live_preview.TestProviderLifecycle" name="test_7_confirmed_ok" time="0.304" /><testcase classname="tests.test_iteration30_live_preview.TestProviderLifecycle" name="test_8_final_reopen_leaves_requested" time="0.176" /><testcase classname="tests.test_iteration30_live_preview.TestGuards" name="test_not_applicable_provider_returns_409" time="0.114" /><testcase classname="tests.test_iteration30_live_preview.TestGuards" name="test_unknown_provider_returns_404" time="0.107" /><testcase classname="tests.test_iteration30_live_preview.TestGuards" name="test_missing_deletion_returns_404" time="0.092" /><testcase classname="tests.test_iteration30_live_preview.TestGuards" name="test_unknown_extra_field_returns_422" time="0.084" /><testcase classname="tests.test_iteration30_live_preview.TestSeparationInvariant" name="test_top_level_status_and_cleanup_unchanged" time="0.081" /><testcase classname="tests.test_iteration30_live_preview.TestAccessControl" name="test_customer_reviewer_forbidden" time="0.380" /><testcase classname="tests.test_iteration30_live_preview.TestAccessControl" name="test_no_token_unauthorized" time="0.070" /><testcase classname="tests.test_iteration30_live_preview.TestProductionSupersededRows" name="test_listing_rows_and_guard" time="0.164" /><testcase classname="tests.test_iteration30_live_preview.TestProductionSupersededRows" name="test_provider_action_on_superseded_returns_409" time="0.081" /></testsuite></testsuites>