<?xml version="1.0" encoding="utf-8"?><testsuites name="pytest tests"><testsuite name="pytest" errors="0" failures="0" skipped="0" tests="9" time="2.025" timestamp="2026-09-10T08:03:29.302122+00:00" hostname="agent-env-d58348e6-f3b5-4915-8600-fd96b23c20de"><testcase classname="tests.test_iteration10_integration_v7.TestHealth" name="test_health_build_and_flags" time="0.339" /><testcase classname="tests.test_iteration10_integration_v7.TestSubprocessSimulation" name="test_default_key_and_ignored_otp_demo_mode" time="0.514" /><testcase classname="tests.test_iteration10_integration_v7.TestIntegrationRegression" name="test_upsert_with_valid_key_returns_200" time="0.193" /><testcase classname="tests.test_iteration10_integration_v7.TestIntegrationRegression" name="test_upsert_without_header_returns_401" time="0.192" /><testcase classname="tests.test_iteration10_integration_v7.TestDemoLogins" name="test_admin_demo_send_and_verify" time="0.153" /><testcase classname="tests.test_iteration10_integration_v7.TestDemoLogins" name="test_customer_demo_send" time="0.078" /><testcase classname="tests.test_iteration10_integration_v7.TestDemoLogins" name="test_unknown_phone_returns_404" time="0.078" /><testcase classname="tests.test_iteration10_integration_v7.TestAdminAndProducts" name="test_admin_sms_diagnostics" time="0.344" /><testcase classname="tests.test_iteration10_integration_v7.TestAdminAndProducts" name="test_products_limit_3" time="0.079" /></testsuite></testsuites>