<?xml version="1.0" encoding="utf-8"?><testsuites name="pytest tests"><testsuite name="pytest" errors="0" failures="0" skipped="0" tests="17" time="7.001" timestamp="2026-09-11T10:07:23.105361+00:00" hostname="agent-env-d58348e6-f3b5-4915-8600-fd96b23c20de"><testcase classname="backend.tests.shared.test_shared_auth_identity" name="test_otp_no_fixed_code_and_single_use" time="0.266" /><testcase classname="backend.tests.shared.test_shared_auth_identity" name="test_otp_cooldown_and_expiry" time="0.232" /><testcase classname="backend.tests.shared.test_shared_auth_identity" name="test_inactive_user_cannot_start_login" time="0.219" /><testcase classname="backend.tests.shared.test_shared_auth_identity" name="test_refresh_rotation_and_reuse_revokes_family" time="0.215" /><testcase classname="backend.tests.shared.test_shared_auth_identity" name="test_enrollment_grant_flow_and_staff_impersonation_block" time="0.203" /><testcase classname="backend.tests.shared.test_shared_pdf_media_reconcile" name="test_upload_image_rejects_non_image" time="0.227" /><testcase classname="backend.tests.shared.test_shared_pdf_media_reconcile" name="test_sample_pdf_exact_product_codes_and_guide_pages" time="1.968" /><testcase classname="backend.tests.shared.test_shared_pdf_media_reconcile" name="test_sample_pdf_crop_pixel_similarity_to_fixture_jpegs" time="2.093" /><testcase classname="backend.tests.shared.test_shared_pdf_media_reconcile" name="test_pdf_cropbox_rejected_and_blank_layout_rejected" time="0.003" /><testcase classname="backend.tests.shared.test_shared_pdf_media_reconcile" name="test_reconcile_identity_dry_run_contract_owner_admin" time="0.000" /><testcase classname="backend.tests.shared.test_shared_people_queries_rates" name="test_last_admin_guard_blocks_demotion" time="0.305" /><testcase classname="backend.tests.shared.test_shared_people_queries_rates" name="test_service_key_exchange_requires_same_subject" time="0.216" /><testcase classname="backend.tests.shared.test_shared_people_queries_rates" name="test_phone_change_conflict_has_no_partial_update" time="0.210" /><testcase classname="backend.tests.shared.test_shared_people_queries_rates" name="test_requests_listing_pagination_and_types_over_200" time="0.225" /><testcase classname="backend.tests.shared.test_shared_people_queries_rates" name="test_telecaller_claim_race_and_resolver_ownership" time="0.196" /><testcase classname="backend.tests.shared.test_shared_people_queries_rates" name="test_metrics_ist_summary_handles_zero_and_data" time="0.180" /><testcase classname="backend.tests.shared.test_shared_people_queries_rates" name="test_rates_and_rate_slab_role_scope" time="0.214" /></testsuite></testsuites>