<?xml version="1.0" encoding="utf-8"?><testsuites name="pytest tests"><testsuite name="pytest" errors="0" failures="0" skipped="0" tests="14" time="6.626" timestamp="2026-08-31T14:31:25.422132+00:00" hostname="agent-env-d58348e6-f3b5-4915-8600-fd96b23c20de"><testcase classname="backend.tests.test_msg91_otp_auth.TestDemoOTPFlow" name="test_send_and_verify_demo[8888888888-customer]" time="0.678" /><testcase classname="backend.tests.test_msg91_otp_auth.TestDemoOTPFlow" name="test_send_and_verify_demo[9999999999-admin]" time="0.182" /><testcase classname="backend.tests.test_msg91_otp_auth.TestDemoOTPFlow" name="test_send_and_verify_demo[7777777777-executive]" time="0.181" /><testcase classname="backend.tests.test_msg91_otp_auth.TestDemoOTPFlow" name="test_send_and_verify_demo[6666666666-billing_executive]" time="0.179" /><testcase classname="backend.tests.test_msg91_otp_auth.TestDemoOTPFlow" name="test_verify_wrong_otp_returns_400" time="0.246" /><testcase classname="backend.tests.test_msg91_otp_auth.TestInvalidPhone" name="test_send_short_phone_returns_400" time="0.166" /><testcase classname="backend.tests.test_msg91_otp_auth.TestInvalidPhone" name="test_send_invalid_indian_mobile_returns_friendly_400" time="0.093" /><testcase classname="backend.tests.test_msg91_otp_auth.TestInvalidPhone" name="test_no_user_created_for_invalid_number" time="0.381" /><testcase classname="backend.tests.test_msg91_otp_auth.TestInvalidPhone" name="test_verify_non_demo_no_pending_returns_400_not_500" time="1.789" /><testcase classname="backend.tests.test_msg91_otp_auth.TestRateLimit" name="test_send_otp_rate_limit" time="1.700" /><testcase classname="backend.tests.test_msg91_otp_auth.TestAuthRegression" name="test_get_auth_me" time="0.777" /><testcase classname="backend.tests.test_msg91_otp_auth.TestAuthRegression" name="test_get_cart_count" time="0.098" /><testcase classname="backend.tests.test_msg91_otp_auth.TestAuthRegression" name="test_get_products" time="0.096" /><testcase classname="backend.tests.test_msg91_otp_auth.TestNoTwilioReferences" name="test_server_py_has_no_twilio" time="0.002" /></testsuite></testsuites>