<?xml version="1.0" encoding="utf-8"?><testsuites name="pytest tests"><testsuite name="pytest" errors="0" failures="3" skipped="0" tests="6" time="44.892" timestamp="2026-09-15T10:52:38.630629+00:00" hostname="agent-env-4b1752b3-609e-4893-8aba-b885a248c23c"><testcase classname="tests.live_preview.test_iteration33_media_budget_import" name="test_b1_media_usage_admin" time="31.230" /><testcase classname="tests.live_preview.test_iteration33_media_budget_import" name="test_b2_full_import" time="9.085" /><testcase classname="tests.live_preview.test_iteration33_media_budget_import" name="test_b3_interrupted_resume" time="2.081" /><testcase classname="tests.live_preview.test_iteration33_media_budget_import" name="test_b4_commit_and_dedupe" time="0.930"><failure message="AssertionError: {'created': 0, 'failed': 0, 'rows': [{'product_id': '1acc30a7085ebbdec554d0b74d9c4c93', 'reason': 'Existing product code; skip selected', 'row_id': '423edb6e81a01438bdb1139c54994015', 'status': 'skipped'}, {'reason': 'Excluded by administrator', 'row_id': 'a6be6a957eaff7f10661446199385217', 'status': 'skipped'}, {'reason': 'Excluded by administrator', 'row_id': 'f58bc6e5a00406d168e8132b1709398d', 'status': 'skipped'}], 'skipped': 3, ...}&#10;assert 0 == 1&#10; +  where 0 = &lt;built-in method get of dict object at 0xfdf4b58a3c80&gt;('created')&#10; +    where &lt;built-in method get of dict object at 0xfdf4b58a3c80&gt; = {'created': 0, 'failed': 0, 'rows': [{'product_id': '1acc30a7085ebbdec554d0b74d9c4c93', 'reason': 'Existing product code; skip selected', 'row_id': '423edb6e81a01438bdb1139c54994015', 'status': 'skipped'}, {'reason': 'Excluded by administrator', 'row_id': 'a6be6a957eaff7f10661446199385217', 'status': 'skipped'}, {'reason': 'Excluded by administrator', 'row_id': 'f58bc6e5a00406d168e8132b1709398d', 'status': 'skipped'}], 'skipped': 3, ...}.get">tests/live_preview/test_iteration33_media_budget_import.py:241: in test_b4_commit_and_dedupe
    assert j.get("created") == 1, j
E   AssertionError: {'created': 0, 'failed': 0, 'rows': [{'product_id': '1acc30a7085ebbdec554d0b74d9c4c93', 'reason': 'Existing product code; skip selected', 'row_id': '423edb6e81a01438bdb1139c54994015', 'status': 'skipped'}, {'reason': 'Excluded by administrator', 'row_id': 'a6be6a957eaff7f10661446199385217', 'status': 'skipped'}, {'reason': 'Excluded by administrator', 'row_id': 'f58bc6e5a00406d168e8132b1709398d', 'status': 'skipped'}], 'skipped': 3, ...}
E   assert 0 == 1
E    +  where 0 = &lt;built-in method get of dict object at 0xfdf4b58a3c80&gt;('created')
E    +    where &lt;built-in method get of dict object at 0xfdf4b58a3c80&gt; = {'created': 0, 'failed': 0, 'rows': [{'product_id': '1acc30a7085ebbdec554d0b74d9c4c93', 'reason': 'Existing product code; skip selected', 'row_id': '423edb6e81a01438bdb1139c54994015', 'status': 'skipped'}, {'reason': 'Excluded by administrator', 'row_id': 'a6be6a957eaff7f10661446199385217', 'status': 'skipped'}, {'reason': 'Excluded by administrator', 'row_id': 'f58bc6e5a00406d168e8132b1709398d', 'status': 'skipped'}], 'skipped': 3, ...}.get</failure></testcase><testcase classname="tests.live_preview.test_iteration33_media_budget_import" name="test_b5_customer_image_access" time="0.000"><failure message="assert (None)">tests/live_preview/test_iteration33_media_budget_import.py:289: in test_b5_customer_image_access
    assert sp and tp and jid and product_id
E   assert (None)</failure></testcase><testcase classname="tests.live_preview.test_iteration33_media_budget_import" name="test_b7_active_slots" time="1.481"><failure message="AssertionError: init 2: 429 {&quot;code&quot;:&quot;ACTIVE_IMPORT_LIMIT&quot;,&quot;detail&quot;:&quot;Finish or cancel an active import (maximum four)&quot;}&#10;assert 429 == 200&#10; +  where 429 = &lt;Response [429]&gt;.status_code">tests/live_preview/test_iteration33_media_budget_import.py:337: in test_b7_active_slots
    assert r.status_code == 200, f"init {i}: {r.status_code} {r.text[:200]}"
E   AssertionError: init 2: 429 {"code":"ACTIVE_IMPORT_LIMIT","detail":"Finish or cancel an active import (maximum four)"}
E   assert 429 == 200
E    +  where 429 = &lt;Response [429]&gt;.status_code</failure></testcase></testsuite></testsuites>