<?xml version="1.0" encoding="utf-8"?><testsuites name="pytest tests"><testsuite name="pytest" errors="0" failures="0" skipped="0" tests="8" time="0.962" timestamp="2026-09-12T14:36:28.188043+00:00" hostname="agent-env-3a65beeb-cc3d-4c33-b5b8-8b559e3f71b8"><testcase classname="tests.test_iteration23_live_preview.TestHealth" name="test_health_is_503_not_ready" time="0.182" /><testcase classname="tests.test_iteration23_live_preview.TestHealth" name="test_health_live_is_200" time="0.064" /><testcase classname="tests.test_iteration23_live_preview.TestReviewLogin" name="test_unknown_reviewer_401" time="0.293" /><testcase classname="tests.test_iteration23_live_preview.TestReviewLogin" name="test_malformed_body_422" time="0.063" /><testcase classname="tests.test_iteration23_live_preview.TestFonts" name="test_ionicons_ttf_ok" time="0.121" /><testcase classname="tests.test_iteration23_live_preview.TestAuthGates" name="test_customers_search_needs_bearer" time="0.062" /><testcase classname="tests.test_iteration23_live_preview.TestAuthGates" name="test_requests_needs_bearer" time="0.062" /><testcase classname="tests.test_iteration23_live_preview.TestAuthGates" name="test_integrations_deletions_needs_integration_key" time="0.061" /></testsuite></testsuites>