<?xml version="1.0" encoding="utf-8"?><testsuites name="pytest tests"><testsuite name="pytest" errors="0" failures="0" skipped="0" tests="24" time="6.332" timestamp="2026-09-04T13:18:10.853655+00:00" hostname="agent-env-d58348e6-f3b5-4915-8600-fd96b23c20de"><testcase classname="backend.tests.test_iteration7_sms_diagnostics.TestPublicHealth" name="test_health_public_and_no_secrets" time="0.296" /><testcase classname="backend.tests.test_iteration7_sms_diagnostics.TestSmsDiagnostics" name="test_diag_requires_auth" time="0.142" /><testcase classname="backend.tests.test_iteration7_sms_diagnostics.TestSmsDiagnostics" name="test_diag_forbids_executive" time="0.521" /><testcase classname="backend.tests.test_iteration7_sms_diagnostics.TestSmsDiagnostics" name="test_diag_forbids_customer" time="0.479" /><testcase classname="backend.tests.test_iteration7_sms_diagnostics.TestSmsDiagnostics" name="test_diag_admin_shape" time="0.538" /><testcase classname="backend.tests.test_iteration7_sms_diagnostics.TestSmsDiagnostics" name="test_diag_force_true" time="1.086" /><testcase classname="backend.tests.test_iteration7_sms_diagnostics.TestSmsTest" name="test_test_requires_auth" time="0.198" /><testcase classname="backend.tests.test_iteration7_sms_diagnostics.TestSmsTest" name="test_test_forbids_executive" time="0.183" /><testcase classname="backend.tests.test_iteration7_sms_diagnostics.TestSmsTest" name="test_test_demo_allowlist_rejected" time="0.124" /><testcase classname="backend.tests.test_iteration7_sms_diagnostics.TestSmsTest" name="test_test_invalid_prefix" time="0.201" /><testcase classname="backend.tests.test_iteration7_sms_diagnostics.TestSmsTest" name="test_test_too_short" time="0.154" /><testcase classname="backend.tests.test_iteration7_sms_diagnostics.TestSmsRecheck" name="test_recheck_nonexistent" time="0.139" /><testcase classname="backend.tests.test_iteration7_sms_diagnostics.TestSmsRecheck" name="test_recheck_existing_accepted" time="0.427" /><testcase classname="backend.tests.test_iteration7_sms_diagnostics.TestAuthRegression" name="test_send_otp_demo[9999999999]" time="0.139" /><testcase classname="backend.tests.test_iteration7_sms_diagnostics.TestAuthRegression" name="test_send_otp_demo[7777777777]" time="0.142" /><testcase classname="backend.tests.test_iteration7_sms_diagnostics.TestAuthRegression" name="test_send_otp_demo[8888888888]" time="0.149" /><testcase classname="backend.tests.test_iteration7_sms_diagnostics.TestAuthRegression" name="test_send_otp_demo[6666666666]" time="0.154" /><testcase classname="backend.tests.test_iteration7_sms_diagnostics.TestAuthRegression" name="test_verify_otp_returns_token_and_user" time="0.239" /><testcase classname="backend.tests.test_iteration7_sms_diagnostics.TestAuthRegression" name="test_send_otp_unknown_404" time="0.167" /><testcase classname="backend.tests.test_iteration7_sms_diagnostics.TestAuthRegression" name="test_send_otp_inactive_403" time="0.143" /><testcase classname="backend.tests.test_iteration7_sms_diagnostics.TestAuthRegression" name="test_send_otp_short_400" time="0.139" /><testcase classname="backend.tests.test_iteration7_sms_diagnostics.TestAuthRegression" name="test_auth_me" time="0.164" /><testcase classname="backend.tests.test_iteration7_sms_diagnostics.TestPublicContent" name="test_products_limit_5" time="0.162" /><testcase classname="backend.tests.test_iteration7_sms_diagnostics.TestPublicContent" name="test_banners" time="0.161" /></testsuite></testsuites>