<?xml version="1.0" encoding="utf-8"?><testsuites name="pytest tests"><testsuite name="pytest" errors="0" failures="0" skipped="0" tests="6" time="1.427" timestamp="2026-09-12T21:55:21.887081+00:00" hostname="agent-env-3a65beeb-cc3d-4c33-b5b8-8b559e3f71b8"><testcase classname="tests.shared.test_iteration25_owner_admin_independent" name="test_a_empty_db_creates_owner_and_both_surfaces_return_admin" time="0.252" /><testcase classname="tests.shared.test_iteration25_owner_admin_independent" name="test_b_legacy_customer_is_promoted_on_same_id_old_sessions_revoked" time="0.251" /><testcase classname="tests.shared.test_iteration25_owner_admin_independent" name="test_c_two_records_for_phone_are_refused_without_changes" time="0.216" /><testcase classname="tests.shared.test_iteration25_owner_admin_independent" name="test_d_owner_record_is_protected_from_demotion_and_deletion" time="0.237" /><testcase classname="tests.shared.test_iteration25_owner_admin_independent" name="test_regression_last_admin_guard_still_holds_for_non_owner" time="0.228" /><testcase classname="tests.shared.test_iteration25_owner_admin_independent" name="test_regression_customer_portal_login_is_rejected_403_staff_only" time="0.212" /></testsuite></testsuites>