<?xml version="1.0" encoding="utf-8"?><testsuites name="pytest tests"><testsuite name="pytest" errors="0" failures="0" skipped="0" tests="27" time="20.545" timestamp="2026-09-11T10:17:52.231024+00:00" hostname="agent-env-d58348e6-f3b5-4915-8600-fd96b23c20de"><testcase classname="tests.shared.test_shared_auth_identity" name="test_otp_no_fixed_code_and_single_use" time="0.200" /><testcase classname="tests.shared.test_shared_auth_identity" name="test_otp_cooldown_and_expiry" time="0.175" /><testcase classname="tests.shared.test_shared_auth_identity" name="test_inactive_user_cannot_start_login" time="0.157" /><testcase classname="tests.shared.test_shared_auth_identity" name="test_refresh_rotation_and_reuse_revokes_family" time="0.221" /><testcase classname="tests.shared.test_shared_auth_identity" name="test_enrollment_grant_flow_and_staff_impersonation_block" time="0.180" /><testcase classname="tests.shared.test_shared_pdf_import_extended" name="test_pdf_upload_out_of_order_duplicate_and_checksum_rejection" time="0.245" /><testcase classname="tests.shared.test_shared_pdf_import_extended" name="test_pdf_upload_pause_resume_cancel_and_post_cancel_block" time="0.211" /><testcase classname="tests.shared.test_shared_pdf_import_extended" name="test_pdf_owner_authorization_enforced" time="0.193" /><testcase classname="tests.shared.test_shared_pdf_import_extended" name="test_pdf_complete_analyze_preview_crop_rejection_and_stale_commit_version" time="4.990" /><testcase classname="tests.shared.test_shared_pdf_import_extended" name="test_pdf_commit_invalid_rows_partial_then_recoverable_recommit" time="4.727" /><testcase classname="tests.shared.test_shared_pdf_import_extended" name="test_pdf_checkpoint_resume_process_job_from_next_page" time="2.329" /><testcase classname="tests.shared.test_shared_pdf_import_extended" name="test_claim_race_with_asyncio_gather" time="0.189" /><testcase classname="tests.shared.test_shared_pdf_import_extended" name="test_phone_change_success_revokes_sessions_and_delete_blocks_reenroll" time="0.241" /><testcase classname="tests.shared.test_shared_pdf_import_extended" name="test_billing_cannot_write_request_mutations" time="0.205" /><testcase classname="tests.shared.test_shared_pdf_import_extended" name="test_requests_visible_to_staff_roles_over_200_customer_created" time="0.322" /><testcase classname="tests.shared.test_shared_pdf_media_reconcile" name="test_upload_image_rejects_non_image" time="0.216" /><testcase classname="tests.shared.test_shared_pdf_media_reconcile" name="test_sample_pdf_exact_product_codes_and_guide_pages" time="1.975" /><testcase classname="tests.shared.test_shared_pdf_media_reconcile" name="test_sample_pdf_crop_pixel_similarity_to_fixture_jpegs" time="2.091" /><testcase classname="tests.shared.test_shared_pdf_media_reconcile" name="test_pdf_cropbox_rejected_and_blank_layout_rejected" time="0.003" /><testcase classname="tests.shared.test_shared_pdf_media_reconcile" name="test_reconcile_identity_dry_run_contract_owner_admin" time="0.000" /><testcase classname="tests.shared.test_shared_people_queries_rates" name="test_last_admin_guard_blocks_demotion" time="0.226" /><testcase classname="tests.shared.test_shared_people_queries_rates" name="test_service_key_exchange_requires_same_subject" time="0.228" /><testcase classname="tests.shared.test_shared_people_queries_rates" name="test_phone_change_conflict_has_no_partial_update" time="0.262" /><testcase classname="tests.shared.test_shared_people_queries_rates" name="test_requests_listing_pagination_and_types_over_200" time="0.265" /><testcase classname="tests.shared.test_shared_people_queries_rates" name="test_telecaller_claim_race_and_resolver_ownership" time="0.242" /><testcase classname="tests.shared.test_shared_people_queries_rates" name="test_metrics_ist_summary_handles_zero_and_data" time="0.184" /><testcase classname="tests.shared.test_shared_people_queries_rates" name="test_rates_and_rate_slab_role_scope" time="0.237" /></testsuite></testsuites>