<?xml version="1.0" encoding="utf-8"?><testsuites name="pytest tests"><testsuite name="pytest" errors="0" failures="0" skipped="2" tests="25" time="7.708" timestamp="2026-09-21T07:01:39.838300+00:00" hostname="agent-env-4b1752b3-609e-4893-8aba-b885a248c23c"><testcase classname="tests.live_preview.test_iteration36_review_e2e" name="test_review_login_returns_review_scope" time="1.403" /><testcase classname="tests.live_preview.test_iteration36_review_e2e.TestJ3bClaimRace" name="test_precondition_unclaimed" time="0.404" /><testcase classname="tests.live_preview.test_iteration36_review_e2e.TestJ3bClaimRace" name="test_telecaller1_claim_success" time="0.140" /><testcase classname="tests.live_preview.test_iteration36_review_e2e.TestJ3bClaimRace" name="test_get_reflects_ownership" time="0.139" /><testcase classname="tests.live_preview.test_iteration36_review_e2e.TestJ3bClaimRace" name="test_second_telecaller_cannot_reclaim" time="0.126" /><testcase classname="tests.live_preview.test_iteration36_review_e2e.TestJ3cAdminBypassAndReassign" name="test_admin_can_read_and_ownership_remains_tel1" time="0.118" /><testcase classname="tests.live_preview.test_iteration36_review_e2e.TestJ3cAdminBypassAndReassign" name="test_admin_reassigns_to_telecaller2" time="0.266" /><testcase classname="tests.live_preview.test_iteration36_review_e2e.TestJ3cAdminBypassAndReassign" name="test_history_records_reassign_reason" time="0.119" /><testcase classname="tests.live_preview.test_iteration36_review_e2e.TestJ3cAdminBypassAndReassign" name="test_original_telecaller_locked_out" time="0.274" /><testcase classname="tests.live_preview.test_iteration36_review_e2e.TestJ4WorkCompleteReopen" name="test_head_contacted" time="0.269" /><testcase classname="tests.live_preview.test_iteration36_review_e2e.TestJ4WorkCompleteReopen" name="test_save_note" time="0.256" /><testcase classname="tests.live_preview.test_iteration36_review_e2e.TestJ4WorkCompleteReopen" name="test_follow_up_set" time="0.237" /><testcase classname="tests.live_preview.test_iteration36_review_e2e.TestJ4WorkCompleteReopen" name="test_complete_converted" time="0.236" /><testcase classname="tests.live_preview.test_iteration36_review_e2e.TestJ4WorkCompleteReopen" name="test_completions_report_includes_tel2" time="0.122" /><testcase classname="tests.live_preview.test_iteration36_review_e2e.TestJ4WorkCompleteReopen" name="test_admin_reopen" time="1.265" /><testcase classname="tests.live_preview.test_iteration36_review_e2e.TestJ9RatesMCX" name="test_get_original_rates" time="0.137" /><testcase classname="tests.live_preview.test_iteration36_review_e2e.TestJ9RatesMCX" name="test_update_silver_mcx" time="0.230" /><testcase classname="tests.live_preview.test_iteration36_review_e2e.TestJ9RatesMCX" name="test_update_gold_mcx" time="0.265" /><testcase classname="tests.live_preview.test_iteration36_review_e2e.TestJ9RatesMCX" name="test_rates_reflected" time="0.111" /><testcase classname="tests.live_preview.test_iteration36_review_e2e.TestJ9RatesMCX" name="test_restore_originals" time="0.444" /><testcase classname="tests.live_preview.test_iteration36_review_e2e.TestJ11StaffPhoneChange" name="test_preview_available" time="0.142" /><testcase classname="tests.live_preview.test_iteration36_review_e2e.TestJ11StaffPhoneChange" name="test_preview_promotion_flow_for_existing_customer" time="0.118" /><testcase classname="tests.live_preview.test_iteration36_review_e2e.TestJ11StaffPhoneChange" name="test_change_and_revert" time="0.522" /><testcase classname="tests.live_preview.test_iteration36_review_e2e.TestJ10CustomerLifecycle" name="test_disable_then_enable" time="0.133"><skipped type="pytest.skip" message="disable endpoint not available on this build (422); recorded for main agent">/app/backend/tests/live_preview/test_iteration36_review_e2e.py:408: disable endpoint not available on this build (422); recorded for main agent</skipped></testcase><testcase classname="tests.live_preview.test_iteration36_review_e2e.TestJ10StaffDisable" name="test_disable_returns_ok_or_skip" time="0.135"><skipped type="pytest.skip" message="staff disable endpoint not exposed (422) - main agent to confirm UI path">/app/backend/tests/live_preview/test_iteration36_review_e2e.py:434: staff disable endpoint not exposed (422) - main agent to confirm UI path</skipped></testcase></testsuite></testsuites>