<?xml version="1.0" encoding="utf-8"?><testsuites name="pytest tests"><testsuite name="pytest" errors="1" failures="0" skipped="0" tests="27" time="25.227" timestamp="2026-09-11T10:10:31.497459+00:00" hostname="agent-env-d58348e6-f3b5-4915-8600-fd96b23c20de"><testcase classname="backend.tests.shared.test_shared_auth_identity" name="test_otp_no_fixed_code_and_single_use" time="0.197" /><testcase classname="backend.tests.shared.test_shared_auth_identity" name="test_otp_cooldown_and_expiry" time="0.186" /><testcase classname="backend.tests.shared.test_shared_auth_identity" name="test_inactive_user_cannot_start_login" time="0.171" /><testcase classname="backend.tests.shared.test_shared_auth_identity" name="test_refresh_rotation_and_reuse_revokes_family" time="0.207" /><testcase classname="backend.tests.shared.test_shared_auth_identity" name="test_enrollment_grant_flow_and_staff_impersonation_block" time="0.204" /><testcase classname="backend.tests.shared.test_shared_pdf_import_extended" name="test_pdf_upload_out_of_order_duplicate_and_checksum_rejection" time="0.250" /><testcase classname="backend.tests.shared.test_shared_pdf_import_extended" name="test_pdf_upload_pause_resume_cancel_and_post_cancel_block" time="0.206" /><testcase classname="backend.tests.shared.test_shared_pdf_import_extended" name="test_pdf_owner_authorization_enforced" time="0.219" /><testcase classname="backend.tests.shared.test_shared_pdf_import_extended" name="test_pdf_complete_analyze_preview_crop_rejection_and_stale_commit_version" time="4.934" /><testcase classname="backend.tests.shared.test_shared_pdf_import_extended" name="test_pdf_commit_invalid_rows_partial_then_recoverable_recommit" time="4.678" /><testcase classname="backend.tests.shared.test_shared_pdf_import_extended" name="test_pdf_checkpoint_resume_process_job_from_next_page" time="2.334" /><testcase classname="backend.tests.shared.test_shared_pdf_import_extended" name="test_claim_race_with_asyncio_gather" time="0.275" /><testcase classname="backend.tests.shared.test_shared_pdf_import_extended" name="test_phone_change_success_revokes_sessions_and_delete_blocks_reenroll" time="0.802"><error message="failed on setup with &quot;pymongo.errors.AutoReconnect: localhost:27017: connection closed&quot;">/root/.venv/lib/python3.11/site-packages/pymongo/pool.py:932: in command
    return command(
/root/.venv/lib/python3.11/site-packages/pymongo/network.py:181: in command
    reply = receive_message(conn, request_id)
            ^^^^^^^^^^^^^^^^^^^^^^^^^^^^^^^^^
/root/.venv/lib/python3.11/site-packages/pymongo/network.py:247: in receive_message
    length, _, response_to, op_code = _UNPACK_HEADER(_receive_data_on_socket(conn, 16, deadline))
                                                     ^^^^^^^^^^^^^^^^^^^^^^^^^^^^^^^^^^^^^^^^^^^
/root/.venv/lib/python3.11/site-packages/pymongo/network.py:336: in _receive_data_on_socket
    raise OSError("connection closed")
E   OSError: connection closed

The above exception was the direct cause of the following exception:
/root/.venv/lib/python3.11/site-packages/pytest_asyncio/plugin.py:558: in setup
    return super().setup()
           ^^^^^^^^^^^^^^^
/root/.venv/lib/python3.11/site-packages/pytest_asyncio/plugin.py:944: in pytest_fixture_setup
    hook_result = yield
                  ^^^^^
/root/.venv/lib/python3.11/site-packages/pytest_asyncio/plugin.py:407: in _asyncgen_fixture_wrapper
    result = runner.run(setup(), context=context)
             ^^^^^^^^^^^^^^^^^^^^^^^^^^^^^^^^^^^^
/usr/local/lib/python3.11/asyncio/runners.py:118: in run
    return self._loop.run_until_complete(task)
           ^^^^^^^^^^^^^^^^^^^^^^^^^^^^^^^^^^^
/usr/local/lib/python3.11/asyncio/base_events.py:654: in run_until_complete
    return future.result()
           ^^^^^^^^^^^^^^^
/root/.venv/lib/python3.11/site-packages/pytest_asyncio/plugin.py:403: in setup
    res = await gen_obj.__anext__()
          ^^^^^^^^^^^^^^^^^^^^^^^^^
backend/tests/shared/conftest.py:59: in isolated_db
    await c.indexes()
backend/shared/core.py:207: in indexes
    await db.auth_grants.create_index("expires_at", expireAfterSeconds=0)
/usr/local/lib/python3.11/concurrent/futures/thread.py:58: in run
    result = self.fn(*self.args, **self.kwargs)
             ^^^^^^^^^^^^^^^^^^^^^^^^^^^^^^^^^^
/root/.venv/lib/python3.11/site-packages/pymongo/collection.py:2138: in create_index
    return self.__create_indexes([index], session, **cmd_options)[0]
           ^^^^^^^^^^^^^^^^^^^^^^^^^^^^^^^^^^^^^^^^^^^^^^^^^^^^^^
/root/.venv/lib/python3.11/site-packages/pymongo/_csot.py:108: in csot_wrapper
    return func(self, *args, **kwargs)
           ^^^^^^^^^^^^^^^^^^^^^^^^^^^
/root/.venv/lib/python3.11/site-packages/pymongo/collection.py:2011: in __create_indexes
    self._command(
/root/.venv/lib/python3.11/site-packages/pymongo/collection.py:310: in _command
    return conn.command(
/root/.venv/lib/python3.11/site-packages/pymongo/helpers.py:315: in inner
    return func(*args, **kwargs)
           ^^^^^^^^^^^^^^^^^^^^^
/root/.venv/lib/python3.11/site-packages/pymongo/pool.py:960: in command
    self._raise_connection_failure(error)
/root/.venv/lib/python3.11/site-packages/pymongo/pool.py:1134: in _raise_connection_failure
    _raise_connection_failure(self.address, error)
/root/.venv/lib/python3.11/site-packages/pymongo/pool.py:406: in _raise_connection_failure
    raise AutoReconnect(msg) from error
E   pymongo.errors.AutoReconnect: localhost:27017: connection closed</error></testcase><testcase classname="backend.tests.shared.test_shared_pdf_import_extended" name="test_billing_cannot_write_request_mutations" time="4.200" /><testcase classname="backend.tests.shared.test_shared_pdf_import_extended" name="test_requests_visible_to_staff_roles_over_200_customer_created" time="0.283" /><testcase classname="backend.tests.shared.test_shared_pdf_media_reconcile" name="test_upload_image_rejects_non_image" time="0.305" /><testcase classname="backend.tests.shared.test_shared_pdf_media_reconcile" name="test_sample_pdf_exact_product_codes_and_guide_pages" time="1.973" /><testcase classname="backend.tests.shared.test_shared_pdf_media_reconcile" name="test_sample_pdf_crop_pixel_similarity_to_fixture_jpegs" time="2.087" /><testcase classname="backend.tests.shared.test_shared_pdf_media_reconcile" name="test_pdf_cropbox_rejected_and_blank_layout_rejected" time="0.004" /><testcase classname="backend.tests.shared.test_shared_pdf_media_reconcile" name="test_reconcile_identity_dry_run_contract_owner_admin" time="0.000" /><testcase classname="backend.tests.shared.test_shared_people_queries_rates" name="test_last_admin_guard_blocks_demotion" time="0.194" /><testcase classname="backend.tests.shared.test_shared_people_queries_rates" name="test_service_key_exchange_requires_same_subject" time="0.257" /><testcase classname="backend.tests.shared.test_shared_people_queries_rates" name="test_phone_change_conflict_has_no_partial_update" time="0.205" /><testcase classname="backend.tests.shared.test_shared_people_queries_rates" name="test_requests_listing_pagination_and_types_over_200" time="0.220" /><testcase classname="backend.tests.shared.test_shared_people_queries_rates" name="test_telecaller_claim_race_and_resolver_ownership" time="0.207" /><testcase classname="backend.tests.shared.test_shared_people_queries_rates" name="test_metrics_ist_summary_handles_zero_and_data" time="0.191" /><testcase classname="backend.tests.shared.test_shared_people_queries_rates" name="test_rates_and_rate_slab_role_scope" time="0.232" /></testsuite></testsuites>