<?xml version="1.0" encoding="utf-8"?><testsuites name="pytest tests"><testsuite name="pytest" errors="0" failures="0" skipped="0" tests="22" time="6.542" timestamp="2026-09-12T11:30:35.123916+00:00" hostname="agent-env-3a65beeb-cc3d-4c33-b5b8-8b559e3f71b8"><testcase classname="tests.test_iteration22_live_preview.TestFonts" name="test_get_ionicons" time="0.248" /><testcase classname="tests.test_iteration22_live_preview.TestFonts" name="test_manifest_matches_body" time="0.262" /><testcase classname="tests.test_iteration22_live_preview.TestFonts" name="test_head_ionicons" time="0.124" /><testcase classname="tests.test_iteration22_live_preview.TestFonts" name="test_material_icons_missing" time="0.122" /><testcase classname="tests.test_iteration22_live_preview.TestReviewAuth" name="test_unknown_reviewer_invalid" time="0.337" /><testcase classname="tests.test_iteration22_live_preview.TestReviewAuth" name="test_extra_field_rejected" time="0.127" /><testcase classname="tests.test_iteration22_live_preview.TestReviewAuth" name="test_short_key_rejected" time="0.149" /><testcase classname="tests.test_iteration22_live_preview.TestReviewAuth" name="test_customer_login_and_me" time="0.693" /><testcase classname="tests.test_iteration22_live_preview.TestReviewAuth" name="test_admin_analytics_and_scoped_data" time="0.697" /><testcase classname="tests.test_iteration22_live_preview.TestReviewRateLimit" name="test_rate_limit_locks_reviewer" time="1.835" /><testcase classname="tests.test_iteration22_live_preview.TestReviewAIBound" name="test_long_message_review_blocked" time="0.454" /><testcase classname="tests.test_iteration22_live_preview.TestHealth" name="test_health_metadata" time="0.133" /><testcase classname="tests.test_iteration22_live_preview.TestHealth" name="test_health_live" time="0.105" /><testcase classname="tests.test_iteration22_live_preview.TestWebsiteD2D3D4" name="test_d2_customer_search_alpha" time="0.114" /><testcase classname="tests.test_iteration22_live_preview.TestWebsiteD2D3D4" name="test_d2_customer_search_min_length" time="0.130" /><testcase classname="tests.test_iteration22_live_preview.TestWebsiteD2D3D4" name="test_d3_customer_detail" time="0.113" /><testcase classname="tests.test_iteration22_live_preview.TestWebsiteD2D3D4" name="test_d3_requests_filter" time="0.114" /><testcase classname="tests.test_iteration22_live_preview.TestWebsiteD2D3D4" name="test_d3_requests_invalid_filter" time="0.115" /><testcase classname="tests.test_iteration22_live_preview.TestWebsiteD2D3D4" name="test_d3_requests_unknown_customer" time="0.132" /><testcase classname="tests.test_iteration22_live_preview.TestWebsiteD2D3D4" name="test_d4_deletions_requires_key" time="0.222" /><testcase classname="tests.test_iteration22_live_preview.TestRegression" name="test_public_products" time="0.117" /><testcase classname="tests.test_iteration22_live_preview.TestRegression" name="test_unauthenticated_me" time="0.115" /></testsuite></testsuites>