<?xml version="1.0" encoding="utf-8"?><testsuites name="pytest tests"><testsuite name="pytest" errors="0" failures="0" skipped="0" tests="6" time="10.130" timestamp="2026-09-21T10:23:40.188542+00:00" hostname="agent-env-4b1752b3-609e-4893-8aba-b885a248c23c"><testcase classname="tests.live_preview.test_iteration38_review_e2e" name="test_c1_claim_race" time="1.911" /><testcase classname="tests.live_preview.test_iteration38_review_e2e" name="test_c2_admin_reassignment" time="0.275" /><testcase classname="tests.live_preview.test_iteration38_review_e2e" name="test_c3_complete_reopen_complete" time="4.467" /><testcase classname="tests.live_preview.test_iteration38_review_e2e" name="test_c5_disable_enable_telecaller" time="2.348" /><testcase classname="tests.live_preview.test_iteration38_review_e2e" name="test_c6_discovery_session" time="0.145" /><testcase classname="tests.live_preview.test_iteration38_review_e2e" name="test_c8_session_isolation" time="0.927" /></testsuite></testsuites>