<?xml version="1.0" encoding="utf-8"?><testsuites name="pytest tests"><testsuite name="pytest" errors="0" failures="0" skipped="0" tests="12" time="7.577" timestamp="2026-09-12T03:43:10.427041+00:00" hostname="agent-env-3a65beeb-cc3d-4c33-b5b8-8b559e3f71b8"><testcase classname="tests.shared.test_shared_auth_identity" name="test_otp_no_fixed_code_and_single_use" time="0.254" /><testcase classname="tests.shared.test_shared_auth_identity" name="test_otp_cooldown_and_expiry" time="0.240" /><testcase classname="tests.shared.test_shared_auth_identity" name="test_inactive_user_cannot_start_login" time="0.244" /><testcase classname="tests.shared.test_shared_auth_identity" name="test_refresh_rotation_and_reuse_revokes_family" time="0.263" /><testcase classname="tests.shared.test_shared_auth_identity" name="test_enrollment_grant_flow_and_staff_impersonation_block" time="0.327" /><testcase classname="tests.shared.test_shared_people_queries_rates" name="test_last_admin_guard_blocks_demotion" time="0.301" /><testcase classname="tests.shared.test_shared_people_queries_rates" name="test_service_key_exchange_requires_same_subject" time="0.253" /><testcase classname="tests.shared.test_shared_people_queries_rates" name="test_phone_change_conflict_has_no_partial_update" time="0.262" /><testcase classname="tests.shared.test_shared_people_queries_rates" name="test_requests_listing_pagination_and_types_over_200" time="0.270" /><testcase classname="tests.shared.test_shared_people_queries_rates" name="test_telecaller_claim_race_and_resolver_ownership" time="4.583" /><testcase classname="tests.shared.test_shared_people_queries_rates" name="test_metrics_ist_summary_handles_zero_and_data" time="0.294" /><testcase classname="tests.shared.test_shared_people_queries_rates" name="test_rates_and_rate_slab_role_scope" time="0.264" /></testsuite></testsuites>