<?xml version="1.0" encoding="utf-8"?><testsuites name="pytest tests"><testsuite name="pytest" errors="0" failures="0" skipped="0" tests="10" time="13.977" timestamp="2026-09-11T10:09:41.669044+00:00" hostname="agent-env-d58348e6-f3b5-4915-8600-fd96b23c20de"><testcase classname="backend.tests.shared.test_shared_pdf_import_extended" name="test_pdf_upload_out_of_order_duplicate_and_checksum_rejection" time="0.269" /><testcase classname="backend.tests.shared.test_shared_pdf_import_extended" name="test_pdf_upload_pause_resume_cancel_and_post_cancel_block" time="0.259" /><testcase classname="backend.tests.shared.test_shared_pdf_import_extended" name="test_pdf_owner_authorization_enforced" time="0.320" /><testcase classname="backend.tests.shared.test_shared_pdf_import_extended" name="test_pdf_complete_analyze_preview_crop_rejection_and_stale_commit_version" time="4.942" /><testcase classname="backend.tests.shared.test_shared_pdf_import_extended" name="test_pdf_commit_invalid_rows_partial_then_recoverable_recommit" time="4.832" /><testcase classname="backend.tests.shared.test_shared_pdf_import_extended" name="test_pdf_checkpoint_resume_process_job_from_next_page" time="2.329" /><testcase classname="backend.tests.shared.test_shared_pdf_import_extended" name="test_claim_race_with_asyncio_gather" time="0.216" /><testcase classname="backend.tests.shared.test_shared_pdf_import_extended" name="test_phone_change_success_revokes_sessions_and_delete_blocks_reenroll" time="0.278" /><testcase classname="backend.tests.shared.test_shared_pdf_import_extended" name="test_billing_cannot_write_request_mutations" time="0.212" /><testcase classname="backend.tests.shared.test_shared_pdf_import_extended" name="test_requests_visible_to_staff_roles_over_200_customer_created" time="0.284" /></testsuite></testsuites>