<?xml version="1.0" encoding="utf-8"?><testsuites name="pytest tests"><testsuite name="pytest" errors="1" failures="1" skipped="0" tests="31" time="77.937" timestamp="2026-09-11T12:52:09.372662+00:00" hostname="agent-env-14c982ce-fcba-4f94-8821-ec2bc44c4db3"><testcase classname="tests.shared.test_shared_auth_identity" name="test_otp_no_fixed_code_and_single_use" time="0.448" /><testcase classname="tests.shared.test_shared_auth_identity" name="test_otp_cooldown_and_expiry" time="0.378" /><testcase classname="tests.shared.test_shared_auth_identity" name="test_inactive_user_cannot_start_login" time="0.445" /><testcase classname="tests.shared.test_shared_auth_identity" name="test_refresh_rotation_and_reuse_revokes_family" time="0.294" /><testcase classname="tests.shared.test_shared_auth_identity" name="test_enrollment_grant_flow_and_staff_impersonation_block" time="0.327" /><testcase classname="tests.shared.test_shared_authenticated_ui" name="test_admin_authenticated_routes_and_reviewed_pdf_flow" time="40.675"><failure message="playwright._impl._errors.TimeoutError: Locator.wait_for: Timeout 30000ms exceeded.&#10;Call log:&#10;  - waiting for get_by_text(&quot;TEST UI Corrected Title&quot;, exact=True) to be visible">backend/tests/shared/test_shared_authenticated_ui.py:369: in test_admin_authenticated_routes_and_reviewed_pdf_flow
    await page.get_by_text("TEST UI Corrected Title", exact=True).wait_for(state="visible")
/opt/plugins-venv/lib/python3.11/site-packages/playwright/async_api/_generated.py:17993: in wait_for
    await self._impl_obj.wait_for(timeout=timeout, state=state)
/opt/plugins-venv/lib/python3.11/site-packages/playwright/_impl/_locator.py:710: in wait_for
    await self._frame.wait_for_selector(
/opt/plugins-venv/lib/python3.11/site-packages/playwright/_impl/_frame.py:369: in wait_for_selector
    await self._channel.send(
/opt/plugins-venv/lib/python3.11/site-packages/playwright/_impl/_connection.py:69: in send
    return await self._connection.wrap_api_call(
/opt/plugins-venv/lib/python3.11/site-packages/playwright/_impl/_connection.py:559: in wrap_api_call
    raise rewrite_error(error, f"{parsed_st['apiName']}: {error}") from None
E   playwright._impl._errors.TimeoutError: Locator.wait_for: Timeout 30000ms exceeded.
E   Call log:
E     - waiting for get_by_text("TEST UI Corrected Title", exact=True) to be visible</failure></testcase><testcase classname="tests.shared.test_shared_authenticated_ui" name="test_telecaller_authenticated_requests_and_leads" time="3.430" /><testcase classname="tests.shared.test_shared_authenticated_ui" name="test_billing_authenticated_rates_and_slabs" time="2.298" /><testcase classname="tests.shared.test_shared_authenticated_ui" name="test_customer_authenticated_home_and_gallery" time="2.297" /><testcase classname="tests.shared.test_shared_pdf_import_extended" name="test_pdf_upload_out_of_order_duplicate_and_checksum_rejection" time="0.371" /><testcase classname="tests.shared.test_shared_pdf_import_extended" name="test_pdf_upload_pause_resume_cancel_and_post_cancel_block" time="0.315" /><testcase classname="tests.shared.test_shared_pdf_import_extended" name="test_pdf_owner_authorization_enforced" time="0.409" /><testcase classname="tests.shared.test_shared_pdf_import_extended" name="test_pdf_complete_analyze_preview_crop_rejection_and_stale_commit_version" time="5.269" /><testcase classname="tests.shared.test_shared_pdf_import_extended" name="test_pdf_commit_invalid_rows_partial_then_recoverable_recommit" time="4.948" /><testcase classname="tests.shared.test_shared_pdf_import_extended" name="test_pdf_checkpoint_resume_process_job_from_next_page" time="2.604" /><testcase classname="tests.shared.test_shared_pdf_import_extended" name="test_claim_race_with_asyncio_gather" time="0.349" /><testcase classname="tests.shared.test_shared_pdf_import_extended" name="test_phone_change_success_revokes_sessions_and_delete_blocks_reenroll" time="0.499" /><testcase classname="tests.shared.test_shared_pdf_import_extended" name="test_billing_cannot_write_request_mutations" time="0.372" /><testcase classname="tests.shared.test_shared_pdf_import_extended" name="test_requests_visible_to_staff_roles_over_200_customer_created" time="0.402" /><testcase classname="tests.shared.test_shared_pdf_media_reconcile" name="test_upload_image_rejects_non_image" time="0.303" /><testcase classname="tests.shared.test_shared_pdf_media_reconcile" name="test_sample_pdf_exact_product_codes_and_guide_pages" time="2.172" /><testcase classname="tests.shared.test_shared_pdf_media_reconcile" name="test_sample_pdf_crop_pixel_similarity_to_fixture_jpegs" time="2.082" /><testcase classname="tests.shared.test_shared_pdf_media_reconcile" name="test_pdf_cropbox_rejected_and_blank_layout_rejected" time="0.003" /><testcase classname="tests.shared.test_shared_pdf_media_reconcile" name="test_reconcile_identity_dry_run_contract_owner_admin" time="0.000" /><testcase classname="tests.shared.test_shared_people_queries_rates" name="test_last_admin_guard_blocks_demotion" time="0.412" /><testcase classname="tests.shared.test_shared_people_queries_rates" name="test_service_key_exchange_requires_same_subject" time="0.309" /><testcase classname="tests.shared.test_shared_people_queries_rates" name="test_phone_change_conflict_has_no_partial_update" time="4.666"><error message="failed on setup with &quot;pymongo.errors.AutoReconnect: localhost:27017: connection closed&quot;">/opt/plugins-venv/lib/python3.11/site-packages/pymongo/pool.py:932: in command
    return command(
/opt/plugins-venv/lib/python3.11/site-packages/pymongo/network.py:181: in command
    reply = receive_message(conn, request_id)
            ^^^^^^^^^^^^^^^^^^^^^^^^^^^^^^^^^
/opt/plugins-venv/lib/python3.11/site-packages/pymongo/network.py:247: in receive_message
    length, _, response_to, op_code = _UNPACK_HEADER(_receive_data_on_socket(conn, 16, deadline))
                                                     ^^^^^^^^^^^^^^^^^^^^^^^^^^^^^^^^^^^^^^^^^^^
/opt/plugins-venv/lib/python3.11/site-packages/pymongo/network.py:336: in _receive_data_on_socket
    raise OSError("connection closed")
E   OSError: connection closed

The above exception was the direct cause of the following exception:
/opt/plugins-venv/lib/python3.11/site-packages/pytest_asyncio/plugin.py:558: in setup
    return super().setup()
           ^^^^^^^^^^^^^^^
/opt/plugins-venv/lib/python3.11/site-packages/pytest_asyncio/plugin.py:944: in pytest_fixture_setup
    hook_result = yield
                  ^^^^^
/opt/plugins-venv/lib/python3.11/site-packages/pytest_asyncio/plugin.py:455: in _async_fixture_wrapper
    result = runner.run(setup(), context=context)
             ^^^^^^^^^^^^^^^^^^^^^^^^^^^^^^^^^^^^
/usr/local/lib/python3.11/asyncio/runners.py:118: in run
    return self._loop.run_until_complete(task)
           ^^^^^^^^^^^^^^^^^^^^^^^^^^^^^^^^^^^
/usr/local/lib/python3.11/asyncio/base_events.py:654: in run_until_complete
    return future.result()
           ^^^^^^^^^^^^^^^
/opt/plugins-venv/lib/python3.11/site-packages/pytest_asyncio/plugin.py:451: in setup
    res = await fixture_function(*args, **kwargs)
          ^^^^^^^^^^^^^^^^^^^^^^^^^^^^^^^^^^^^^^^
backend/tests/shared/conftest.py:199: in seeded_users
    await db.rates_current.insert_one({
/usr/local/lib/python3.11/concurrent/futures/thread.py:58: in run
    result = self.fn(*self.args, **self.kwargs)
             ^^^^^^^^^^^^^^^^^^^^^^^^^^^^^^^^^^
/opt/plugins-venv/lib/python3.11/site-packages/pymongo/collection.py:671: in insert_one
    self._insert_one(
/opt/plugins-venv/lib/python3.11/site-packages/pymongo/collection.py:611: in _insert_one
    self.__database.client._retryable_write(acknowledged, _insert_command, session)
/opt/plugins-venv/lib/python3.11/site-packages/pymongo/mongo_client.py:1568: in _retryable_write
    return self._retry_with_session(retryable, func, s, None)
           ^^^^^^^^^^^^^^^^^^^^^^^^^^^^^^^^^^^^^^^^^^^^^^^^^^
/opt/plugins-venv/lib/python3.11/site-packages/pymongo/mongo_client.py:1413: in _retry_with_session
    return self._retry_internal(retryable, func, session, bulk)
           ^^^^^^^^^^^^^^^^^^^^^^^^^^^^^^^^^^^^^^^^^^^^^^^^^^^^
/opt/plugins-venv/lib/python3.11/site-packages/pymongo/_csot.py:108: in csot_wrapper
    return func(self, *args, **kwargs)
           ^^^^^^^^^^^^^^^^^^^^^^^^^^^
/opt/plugins-venv/lib/python3.11/site-packages/pymongo/mongo_client.py:1460: in _retry_internal
    return func(session, conn, retryable)
           ^^^^^^^^^^^^^^^^^^^^^^^^^^^^^^
/opt/plugins-venv/lib/python3.11/site-packages/pymongo/collection.py:599: in _insert_command
    result = conn.command(
/opt/plugins-venv/lib/python3.11/site-packages/pymongo/helpers.py:315: in inner
    return func(*args, **kwargs)
           ^^^^^^^^^^^^^^^^^^^^^
/opt/plugins-venv/lib/python3.11/site-packages/pymongo/pool.py:960: in command
    self._raise_connection_failure(error)
/opt/plugins-venv/lib/python3.11/site-packages/pymongo/pool.py:1134: in _raise_connection_failure
    _raise_connection_failure(self.address, error)
/opt/plugins-venv/lib/python3.11/site-packages/pymongo/pool.py:406: in _raise_connection_failure
    raise AutoReconnect(msg) from error
E   pymongo.errors.AutoReconnect: localhost:27017: connection closed</error></testcase><testcase classname="tests.shared.test_shared_people_queries_rates" name="test_requests_listing_pagination_and_types_over_200" time="0.329" /><testcase classname="tests.shared.test_shared_people_queries_rates" name="test_telecaller_claim_race_and_resolver_ownership" time="0.449" /><testcase classname="tests.shared.test_shared_people_queries_rates" name="test_metrics_ist_summary_handles_zero_and_data" time="0.334" /><testcase classname="tests.shared.test_shared_people_queries_rates" name="test_rates_and_rate_slab_role_scope" time="0.360" /></testsuite></testsuites>