<?xml version="1.0" encoding="utf-8"?><testsuites name="pytest tests"><testsuite name="pytest" errors="0" failures="1" skipped="1" tests="21" time="8.915" timestamp="2026-09-20T13:51:10.829393+00:00" hostname="agent-env-4b1752b3-609e-4893-8aba-b885a248c23c"><testcase classname="tests.live_preview.test_iteration34_review_e2e" name="test_r17_health_ready_six_accounts" time="0.152" /><testcase classname="tests.live_preview.test_iteration34_review_e2e" name="test_r17_requests_catalog" time="2.281" /><testcase classname="tests.live_preview.test_iteration34_review_e2e" name="test_r01_auth_me_role[store-review-admin-admin]" time="0.120" /><testcase classname="tests.live_preview.test_iteration34_review_e2e" name="test_r01_auth_me_role[store-review-customer-customer]" time="0.138" /><testcase classname="tests.live_preview.test_iteration34_review_e2e" name="test_r01_auth_me_role[store-review-telecaller-telecaller]" time="0.145" /><testcase classname="tests.live_preview.test_iteration34_review_e2e" name="test_r01_auth_me_role[store-review-telecaller-2-telecaller]" time="0.116" /><testcase classname="tests.live_preview.test_iteration34_review_e2e" name="test_r01_auth_me_role[store-review-billing-billing]" time="0.140" /><testcase classname="tests.live_preview.test_iteration34_review_e2e" name="test_r01_auth_me_role[store-review-upload-upload]" time="0.122" /><testcase classname="tests.live_preview.test_iteration34_review_e2e" name="test_r10_upload_permissions" time="0.708" /><testcase classname="tests.live_preview.test_iteration34_review_e2e" name="test_r11_two_telecaller_claim_race" time="0.533" /><testcase classname="tests.live_preview.test_iteration34_review_e2e" name="test_r13a_complete_and_report" time="0.510" /><testcase classname="tests.live_preview.test_iteration34_review_e2e" name="test_r13b_stale_request_released" time="0.133"><failure message="AssertionError: still assigned: review-telecaller-0001&#10;assert not ('review-telecaller-0001')&#10; +  where 'review-telecaller-0001' = &lt;built-in method get of dict object at 0xfbf0d5708c40&gt;('assignee_id')&#10; +    where &lt;built-in method get of dict object at 0xfbf0d5708c40&gt; = {'age_seconds': 97572, 'assigned_to': 'review-telecaller-0001', 'assignee_id': 'review-telecaller-0001', 'assignee_name': 'Review Telecaller (synthetic)', ...}.get">E   AssertionError: still assigned: review-telecaller-0001
    assert not ('review-telecaller-0001')
     +  where 'review-telecaller-0001' = &lt;built-in method get of dict object at 0xfbf0d5708c40&gt;('assignee_id')
     +    where &lt;built-in method get of dict object at 0xfbf0d5708c40&gt; = {'age_seconds': 97572, 'assigned_to': 'review-telecaller-0001', 'assignee_id': 'review-telecaller-0001', 'assignee_name': 'Review Telecaller (synthetic)', ...}.get</failure></testcase><testcase classname="tests.live_preview.test_iteration34_review_e2e" name="test_r13b_queue_status" time="0.165" /><testcase classname="tests.live_preview.test_iteration34_review_e2e" name="test_r12a_new_request_notifies_telecaller" time="2.383" /><testcase classname="tests.live_preview.test_iteration34_review_e2e" name="test_r09_audience_count" time="0.116"><skipped type="pytest.skip" message="audience preview endpoint absent (404)">/app/backend/tests/live_preview/test_iteration34_review_e2e.py:208: audience preview endpoint absent (404)</skipped></testcase><testcase classname="tests.live_preview.test_iteration34_review_e2e" name="test_r09_outbox_stats" time="0.125" /><testcase classname="tests.live_preview.test_iteration34_review_e2e" name="test_f02_unlink_before_send" time="0.275" /><testcase classname="tests.live_preview.test_iteration34_review_e2e" name="test_r03_discovery_session" time="0.245" /><testcase classname="tests.live_preview.test_iteration34_review_e2e" name="test_r05_rates_latest_unit_canonical" time="0.144" /><testcase classname="tests.live_preview.test_iteration34_review_e2e" name="test_r15_synthetic_customer_visible" time="0.135" /><testcase classname="tests.live_preview.test_iteration34_review_e2e" name="test_r07_invalid_phone_rejected" time="0.147" /></testsuite></testsuites>