<?xml version="1.0" encoding="utf-8"?><testsuites name="pytest tests"><testsuite name="pytest" errors="0" failures="0" skipped="5" tests="124" time="223.266" timestamp="2026-09-14T14:11:13.296358+00:00" hostname="agent-env-93ff0c3d-1ceb-4a34-9d6a-f97ab57c5df2"><testcase classname="tests.shared.test_ai_consent_and_deletion" name="test_no_text_reaches_the_provider_without_current_consent_and_withdrawal_purges_history" time="2.241" /><testcase classname="tests.shared.test_ai_consent_and_deletion" name="test_in_flight_reply_after_withdrawal_is_not_stored" time="0.675" /><testcase classname="tests.shared.test_ai_consent_and_deletion" name="test_account_deletion_removes_analytics_ai_history_consent_and_reports_truthfully" time="0.925" /><testcase classname="tests.shared.test_ai_consent_and_deletion" name="test_reconcile_converges_erasure_events_written_by_older_builds" time="0.691" /><testcase classname="tests.shared.test_icon_font_fallback" name="test_ionicons_fallback_serves_exact_version_matched_font_without_auth" time="0.604" /><testcase classname="tests.shared.test_icon_font_fallback" name="test_font_route_is_fixed_and_not_a_file_proxy" time="0.627" /><testcase classname="tests.shared.test_iteration25_owner_admin_independent" name="test_a_empty_db_creates_owner_and_both_surfaces_return_admin" time="0.634" /><testcase classname="tests.shared.test_iteration25_owner_admin_independent" name="test_b_legacy_customer_is_promoted_on_same_id_old_sessions_revoked" time="0.669" /><testcase classname="tests.shared.test_iteration25_owner_admin_independent" name="test_c_two_records_for_phone_are_refused_without_changes" time="0.598" /><testcase classname="tests.shared.test_iteration25_owner_admin_independent" name="test_d_owner_record_is_protected_from_demotion_and_deletion" time="0.677" /><testcase classname="tests.shared.test_iteration25_owner_admin_independent" name="test_regression_last_admin_guard_still_holds_for_non_owner" time="0.680" /><testcase classname="tests.shared.test_iteration25_owner_admin_independent" name="test_regression_customer_portal_login_is_rejected_403_staff_only" time="0.638" /><testcase classname="tests.shared.test_owner_admin_bootstrap" name="test_missing_owner_record_is_created_as_admin_and_signs_in_on_both_surfaces" time="0.689" /><testcase classname="tests.shared.test_owner_admin_bootstrap" name="test_existing_customer_record_is_promoted_on_the_same_id_and_old_sessions_are_revoked" time="0.707" /><testcase classname="tests.shared.test_owner_admin_bootstrap" name="test_bootstrap_refuses_conflicts_inactive_deleted_and_invalid_configuration_without_changes" time="0.667" /><testcase classname="tests.shared.test_owner_admin_bootstrap" name="test_owner_admin_is_protected_from_demotion_disabling_and_deletion" time="0.705" /><testcase classname="tests.shared.test_owner_admin_bootstrap" name="test_real_startup_handler_runs_the_bootstrap_after_indexes" time="0.613" /><testcase classname="tests.shared.test_owner_recovery_readiness" name="test_recovery_dry_run_no_write_and_customer_start" time="0.654" /><testcase classname="tests.shared.test_owner_recovery_readiness" name="test_recovery_apply_revokes_old_tokens_and_allows_fresh_admin_mobile_and_portal" time="0.800" /><testcase classname="tests.shared.test_owner_recovery_readiness" name="test_recovery_missing_approval_and_identity_negatives" time="0.616" /><testcase classname="tests.shared.test_owner_recovery_readiness" name="test_recovery_stale_hash_and_repromote_block_after_demotion" time="0.659" /><testcase classname="tests.shared.test_owner_recovery_readiness" name="test_recovery_replay_after_partial_failure_should_keep_new_sessions_valid" time="0.709" /><testcase classname="tests.shared.test_owner_recovery_readiness" name="test_health_live_and_ready_truthfulness" time="0.560" /><testcase classname="tests.shared.test_owner_recovery_readiness" name="test_protected_readiness_separate_credentials_invalid_vs_missing_and_no_writes" time="0.545" /><testcase classname="tests.shared.test_owner_recovery_readiness" name="test_readiness_same_key_even_with_whitespace_is_rejected" time="0.546" /><testcase classname="tests.shared.test_owner_recovery_readiness" name="test_readiness_database_unavailable_returns_503_but_live_stays_200" time="0.553" /><testcase classname="tests.shared.test_owner_recovery_readiness" name="test_recovery_negative_matrix_blocks_with_http_exception_and_no_reference_mutation[missing_identity-&lt;lambda&gt;-RECOVERY_IDENTITY_CONFLICT]" time="0.628" /><testcase classname="tests.shared.test_owner_recovery_readiness" name="test_recovery_negative_matrix_blocks_with_http_exception_and_no_reference_mutation[normalized_raw_mismatch-&lt;lambda&gt;-RECOVERY_PHONE_CONFLICT]" time="0.614" /><testcase classname="tests.shared.test_owner_recovery_readiness" name="test_recovery_negative_matrix_blocks_with_http_exception_and_no_reference_mutation[unsupported_role-&lt;lambda&gt;-RECOVERY_ROLE_CONFLICT]" time="0.595" /><testcase classname="tests.shared.test_owner_recovery_readiness" name="test_recovery_negative_matrix_blocks_with_http_exception_and_no_reference_mutation[inactive_account-&lt;lambda&gt;-ACCOUNT_INACTIVE]" time="0.638" /><testcase classname="tests.shared.test_owner_recovery_readiness" name="test_recovery_negative_matrix_blocks_with_http_exception_and_no_reference_mutation[pending_account-&lt;lambda&gt;-ACCOUNT_INACTIVE]" time="0.634" /><testcase classname="tests.shared.test_owner_recovery_readiness" name="test_recovery_negative_matrix_blocks_with_http_exception_and_no_reference_mutation[deleted_flags-&lt;lambda&gt;-RECOVERY_DELETED_IDENTITY]" time="0.631" /><testcase classname="tests.shared.test_owner_recovery_readiness" name="test_recovery_negative_matrix_blocks_with_http_exception_and_no_reference_mutation[schema_conflict_bad_session_history-&lt;lambda&gt;-RECOVERY_SCHEMA_CONFLICT]" time="0.602" /><testcase classname="tests.shared.test_owner_recovery_readiness" name="test_recovery_wrong_canonical_duplicate_id_operation_collision_and_cas_guard" time="0.626" /><testcase classname="tests.shared.test_owner_recovery_readiness" name="test_openapi_readiness_503_schema_matches_runtime_shape" time="0.597" /><testcase classname="tests.shared.test_owner_recovery_readiness" name="test_recovery_cli_help_and_isolated_subprocess_dry_run_apply" time="2.788" /><testcase classname="tests.shared.test_placeholder_configuration" name="test_placeholder_values_are_unconfigured_in_the_running_backend" time="2.094" /><testcase classname="tests.shared.test_placeholder_configuration" name="test_cli_refuses_placeholder_database_before_touching_mongo" time="0.617" /><testcase classname="tests.shared.test_review_access_isolation" name="test_review_login_is_denied_when_review_access_is_disabled" time="0.562" /><testcase classname="tests.shared.test_review_access_isolation" name="test_reviewer_roles_come_from_server_side_accounts_only" time="4.075" /><testcase classname="tests.shared.test_review_access_isolation" name="test_reviewer_login_rate_limit_is_per_account" time="5.102" /><testcase classname="tests.shared.test_review_access_isolation" name="test_review_sessions_cannot_read_or_modify_production_records" time="2.963" /><testcase classname="tests.shared.test_review_access_isolation" name="test_review_actions_persist_in_review_database_and_simulate_external_effects" time="3.257" /><testcase classname="tests.shared.test_review_access_isolation" name="test_review_refresh_logout_rotation_and_revocation" time="4.142" /><testcase classname="tests.shared.test_review_access_isolation" name="test_forged_scope_claims_and_review_phones_cannot_cross_environments" time="2.943" /><testcase classname="tests.shared.test_review_access_isolation" name="test_simulated_review_otp_is_disclosed_only_to_its_own_authenticated_review_session" time="3.191" /><testcase classname="tests.shared.test_review_access_isolation" name="test_reviewer_deletion_then_repeat_login_starts_a_fresh_sample_profile_without_restoring_anything" time="4.049" /><testcase classname="tests.shared.test_review_owner_console" name="test_only_the_owner_in_production_scope_may_open_the_console" time="3.093" /><testcase classname="tests.shared.test_review_owner_console" name="test_keys_need_a_fresh_single_use_otp_are_shown_once_and_never_rotate_implicitly" time="6.214" /><testcase classname="tests.shared.test_review_owner_console" name="test_reset_sample_data_needs_fresh_otp_keeps_keys_and_signs_reviewers_out" time="3.969" /><testcase classname="tests.shared.test_review_owner_console" name="test_console_is_unavailable_when_review_access_is_disabled" time="0.717" /><testcase classname="tests.shared.test_review_prefixed_storage" name="test_restricted_user_serves_reviewer_sign_in_from_prefixed_collections_without_a_second_database" time="7.513" /><testcase classname="tests.shared.test_review_prefixed_storage" name="test_prefixed_view_resolves_only_review_collections_and_reset_never_touches_unprefixed_data" time="4.758" /><testcase classname="tests.shared.test_review_provisioning_cli" name="test_cli_provisions_seeds_reports_status_and_is_idempotent_on_repeat" time="6.521" /><testcase classname="tests.shared.test_review_provisioning_cli" name="test_cli_fails_closed_on_missing_or_unsafe_review_configuration" time="4.828" /><testcase classname="tests.shared.test_review_provisioning_cli" name="test_cli_private_note_rotate_revoke_and_reset" time="12.153" /><testcase classname="tests.shared.test_review_provisioning_cli" name="test_verify_step_checks_role_scope_logout_and_session_reuse" time="0.002" /><testcase classname="tests.shared.test_review_provisioning_cli" name="test_verify_note_recovery_appends_results_without_mutation" time="0.002" /><testcase classname="tests.shared.test_review_provisioning_cli" name="test_cli_verify_against_live_backend_returns_strict_exit_codes" time="19.112" /><testcase classname="tests.shared.test_review_provisioning_cli" name="test_review_ai_assistant_is_genuine_but_bounded_and_isolated" time="2.984" /><testcase classname="tests.shared.test_review_provisioning_cli" name="test_review_background_jobs_and_workers_stay_in_review_scope" time="3.370" /><testcase classname="tests.shared.test_shared_auth_identity" name="test_otp_no_fixed_code_and_single_use" time="0.750" /><testcase classname="tests.shared.test_shared_auth_identity" name="test_otp_cooldown_and_expiry" time="0.682" /><testcase classname="tests.shared.test_shared_auth_identity" name="test_inactive_user_cannot_start_login" time="0.624" /><testcase classname="tests.shared.test_shared_auth_identity" name="test_refresh_rotation_and_reuse_revokes_family" time="0.728" /><testcase classname="tests.shared.test_shared_auth_identity" name="test_enrollment_grant_flow_and_staff_impersonation_block" time="0.700" /><testcase classname="tests.shared.test_shared_authenticated_ui" name="test_admin_authenticated_routes_and_reviewed_pdf_flow" time="0.665"><skipped type="pytest.skip" message="Playwright is not importable in this Python environment">/app/backend/tests/shared/test_shared_authenticated_ui.py:419: Playwright is not importable in this Python environment</skipped></testcase><testcase classname="tests.shared.test_shared_authenticated_ui" name="test_telecaller_authenticated_requests_and_leads" time="0.669"><skipped type="pytest.skip" message="Playwright is not importable in this Python environment">/app/backend/tests/shared/test_shared_authenticated_ui.py:577: Playwright is not importable in this Python environment</skipped></testcase><testcase classname="tests.shared.test_shared_authenticated_ui" name="test_billing_authenticated_rates_and_slabs" time="0.651"><skipped type="pytest.skip" message="Playwright is not importable in this Python environment">/app/backend/tests/shared/test_shared_authenticated_ui.py:622: Playwright is not importable in this Python environment</skipped></testcase><testcase classname="tests.shared.test_shared_authenticated_ui" name="test_customer_authenticated_home_and_gallery" time="0.663"><skipped type="pytest.skip" message="Playwright is not importable in this Python environment">/app/backend/tests/shared/test_shared_authenticated_ui.py:655: Playwright is not importable in this Python environment</skipped></testcase><testcase classname="tests.shared.test_shared_authenticated_ui" name="test_admin_mobile_web_catalog_author_export_and_media_usage" time="0.588"><skipped type="pytest.skip" message="Playwright is not importable in this Python environment">/app/backend/tests/shared/test_shared_authenticated_ui.py:692: Playwright is not importable in this Python environment</skipped></testcase><testcase classname="tests.shared.test_shared_followup_regressions" name="test_legacy_weight_and_edit_regressions" time="0.684" /><testcase classname="tests.shared.test_shared_followup_regressions" name="test_rate_slab_legacy_display_versioning_and_role_scope" time="0.720" /><testcase classname="tests.shared.test_shared_followup_regressions" name="test_catalog_10k_stable_pagination_search_filters_and_benchmark" time="2.853" /><testcase classname="tests.shared.test_shared_followup_regressions" name="test_source_preview_rotation_mapping_offline[90]" time="1.271" /><testcase classname="tests.shared.test_shared_followup_regressions" name="test_source_preview_rotation_mapping_offline[180]" time="1.263" /><testcase classname="tests.shared.test_shared_followup_regressions" name="test_source_preview_rotation_mapping_offline[270]" time="1.262" /><testcase classname="tests.shared.test_shared_followup_regressions" name="test_media_tracked_put_maps_failure_states_and_provider_402" time="0.584" /><testcase classname="tests.shared.test_shared_followup_regressions" name="test_media_budget_quota_high_watermark_and_usage_contract" time="0.649" /><testcase classname="tests.shared.test_shared_followup_regressions" name="test_media_lifecycle_audit_preserves_references_and_blocks_unreferenced" time="0.605" /><testcase classname="tests.shared.test_shared_followup_regressions" name="test_corrupt_png_syntaxerror_returns_422" time="0.664" /><testcase classname="tests.shared.test_shared_followup_regressions" name="test_media_cache_rechecks_visibility_after_unpublish" time="0.667" /><testcase classname="tests.shared.test_shared_followup_regressions" name="test_pdf_source_rebuild_after_local_cache_loss" time="0.692" /><testcase classname="tests.shared.test_shared_followup_regressions" name="test_chunk_storage_failure_then_retry_isolated" time="0.686" /><testcase classname="tests.shared.test_shared_followup_regressions" name="test_pdf_process_job_safe_errors_for_encrypted_and_truncated[encrypted]" time="1.255" /><testcase classname="tests.shared.test_shared_followup_regressions" name="test_pdf_process_job_safe_errors_for_encrypted_and_truncated[truncated]" time="5.097" /><testcase classname="tests.shared.test_shared_followup_regressions" name="test_pdf_authoring_validations_and_owner_photo_gate" time="0.774" /><testcase classname="tests.shared.test_shared_followup_regressions" name="test_private_source_preview_and_import_file_block" time="5.560" /><testcase classname="tests.shared.test_shared_pdf_import_extended" name="test_pdf_upload_out_of_order_duplicate_and_checksum_rejection" time="0.753" /><testcase classname="tests.shared.test_shared_pdf_import_extended" name="test_pdf_upload_pause_resume_cancel_and_post_cancel_block" time="0.676" /><testcase classname="tests.shared.test_shared_pdf_import_extended" name="test_pdf_owner_authorization_enforced" time="0.658" /><testcase classname="tests.shared.test_shared_pdf_import_extended" name="test_pdf_complete_analyze_preview_crop_rejection_and_stale_commit_version" time="5.553" /><testcase classname="tests.shared.test_shared_pdf_import_extended" name="test_pdf_commit_invalid_rows_partial_then_recoverable_recommit" time="5.385" /><testcase classname="tests.shared.test_shared_pdf_import_extended" name="test_pdf_checkpoint_resume_process_job_from_next_page" time="2.879" /><testcase classname="tests.shared.test_shared_pdf_import_extended" name="test_claim_race_with_asyncio_gather" time="0.716" /><testcase classname="tests.shared.test_shared_pdf_import_extended" name="test_phone_change_success_revokes_sessions_and_delete_blocks_reenroll" time="0.760" /><testcase classname="tests.shared.test_shared_pdf_import_extended" name="test_billing_cannot_write_request_mutations" time="0.645" /><testcase classname="tests.shared.test_shared_pdf_import_extended" name="test_requests_visible_to_staff_roles_over_200_customer_created" time="0.780" /><testcase classname="tests.shared.test_shared_pdf_media_reconcile" name="test_upload_image_rejects_non_image" time="0.681" /><testcase classname="tests.shared.test_shared_pdf_media_reconcile" name="test_sample_pdf_exact_product_codes_and_guide_pages" time="2.163" /><testcase classname="tests.shared.test_shared_pdf_media_reconcile" name="test_sample_pdf_crop_pixel_similarity_to_fixture_jpegs" time="2.069" /><testcase classname="tests.shared.test_shared_pdf_media_reconcile" name="test_pdf_cropbox_rejected_and_blank_layout_rejected" time="0.003" /><testcase classname="tests.shared.test_shared_pdf_media_reconcile" name="test_reconcile_identity_dry_run_contract_owner_admin" time="0.000" /><testcase classname="tests.shared.test_shared_pdf_races_followup" name="test_chunk_put_race_single_manifest_entry_and_retry_consistency" time="0.682" /><testcase classname="tests.shared.test_shared_pdf_races_followup" name="test_commit_race_same_version_idempotent_result_no_duplicate_products" time="5.349" /><testcase classname="tests.shared.test_shared_pdf_races_followup" name="test_commit_cancel_race_single_terminal_outcome_and_consistent_publication" time="5.380" /><testcase classname="tests.shared.test_shared_pdf_races_followup" name="test_thumbnail_write_failure_then_retry_recovers_exactly_one_product" time="5.262" /><testcase classname="tests.shared.test_shared_pdf_races_followup" name="test_simulated_expired_lease_checkpoint_recovery_without_row_duplication" time="4.600" /><testcase classname="tests.shared.test_shared_people_queries_rates" name="test_last_admin_guard_blocks_demotion" time="0.637" /><testcase classname="tests.shared.test_shared_people_queries_rates" name="test_service_key_exchange_requires_same_subject" time="0.646" /><testcase classname="tests.shared.test_shared_people_queries_rates" name="test_phone_change_conflict_has_no_partial_update" time="0.639" /><testcase classname="tests.shared.test_shared_people_queries_rates" name="test_requests_listing_pagination_and_types_over_200" time="0.683" /><testcase classname="tests.shared.test_shared_people_queries_rates" name="test_telecaller_claim_race_and_resolver_ownership" time="0.703" /><testcase classname="tests.shared.test_shared_people_queries_rates" name="test_metrics_ist_summary_handles_zero_and_data" time="0.681" /><testcase classname="tests.shared.test_shared_people_queries_rates" name="test_rates_and_rate_slab_role_scope" time="0.738" /><testcase classname="tests.shared.test_website_dependencies_d2_d3_d4" name="test_d2_static_customer_search_reaches_billing_handler_before_dynamic_route" time="0.688" /><testcase classname="tests.shared.test_website_dependencies_d2_d3_d4" name="test_d2_search_role_scope_and_directory_protection" time="0.701" /><testcase classname="tests.shared.test_website_dependencies_d2_d3_d4" name="test_d2_dynamic_customer_id_route_still_resolves" time="0.686" /><testcase classname="tests.shared.test_website_dependencies_d2_d3_d4" name="test_d3_customer_id_filter_exact_paginated_history_over_100_records" time="0.756" /><testcase classname="tests.shared.test_website_dependencies_d2_d3_d4" name="test_d3_customer_id_validation_missing_ids_role_scope_and_deleted_history" time="0.784" /><testcase classname="tests.shared.test_website_dependencies_d2_d3_d4" name="test_d4_101st_event_visible_after_first_100_website_acks" time="0.589" /><testcase classname="tests.shared.test_website_dependencies_d2_d3_d4" name="test_d4_stable_cursor_pagination_without_gaps_or_duplicates" time="0.604" /><testcase classname="tests.shared.test_website_dependencies_d2_d3_d4" name="test_d4_idempotent_consumer_specific_ack_retry_and_authorization" time="0.598" /><testcase classname="tests.shared.test_website_dependencies_d2_d3_d4" name="test_d4_deleted_customer_is_not_resurrected_by_enrollment_after_ack" time="0.755" /></testsuite></testsuites>