<?xml version="1.0" encoding="utf-8"?><testsuites name="pytest tests"><testsuite name="pytest" errors="0" failures="0" skipped="0" tests="29" time="16.843" timestamp="2026-03-07T09:10:12.750729+00:00" hostname="agent-env-8ffee8aa-b694-4bd5-858b-ac424b3f9865"><testcase classname="tests.test_backend_apis.TestAuth" name="test_send_otp_valid_phone" time="0.181" /><testcase classname="tests.test_backend_apis.TestAuth" name="test_send_otp_invalid_phone" time="0.136" /><testcase classname="tests.test_backend_apis.TestAuth" name="test_verify_otp_valid" time="0.101" /><testcase classname="tests.test_backend_apis.TestAuth" name="test_verify_otp_invalid" time="0.100" /><testcase classname="tests.test_backend_apis.TestAuth" name="test_admin_login" time="0.139" /><testcase classname="tests.test_backend_apis.TestAuth" name="test_get_me_authenticated" time="0.188" /><testcase classname="tests.test_backend_apis.TestAuth" name="test_get_me_unauthenticated" time="0.099" /><testcase classname="tests.test_backend_apis.TestRates" name="test_get_latest_rates" time="0.136" /><testcase classname="tests.test_backend_apis.TestProducts" name="test_list_products" time="0.138" /><testcase classname="tests.test_backend_apis.TestProducts" name="test_filter_products_by_metal" time="0.108" /><testcase classname="tests.test_backend_apis.TestProducts" name="test_filter_products_by_category" time="0.094" /><testcase classname="tests.test_backend_apis.TestProducts" name="test_search_products" time="0.097" /><testcase classname="tests.test_backend_apis.TestProducts" name="test_get_product_by_id" time="0.174" /><testcase classname="tests.test_backend_apis.TestProducts" name="test_pagination" time="0.144" /><testcase classname="tests.test_backend_apis.TestStories" name="test_list_stories" time="0.103" /><testcase classname="tests.test_backend_apis.TestKnowledge" name="test_list_knowledge" time="0.133" /><testcase classname="tests.test_backend_apis.TestKnowledge" name="test_filter_knowledge_by_category" time="0.093" /><testcase classname="tests.test_backend_apis.TestRewards" name="test_get_wallet" time="0.142" /><testcase classname="tests.test_backend_apis.TestRewards" name="test_get_wallet_unauthenticated" time="0.098" /><testcase classname="tests.test_backend_apis.TestRewards" name="test_reward_history" time="0.158" /><testcase classname="tests.test_backend_apis.TestRequests" name="test_create_request" time="0.150" /><testcase classname="tests.test_backend_apis.TestRequests" name="test_get_my_requests" time="0.217" /><testcase classname="tests.test_backend_apis.TestRequests" name="test_admin_list_all_requests" time="0.151" /><testcase classname="tests.test_backend_apis.TestAIChat" name="test_ai_chat" time="12.956" /><testcase classname="tests.test_backend_apis.TestAIChat" name="test_ai_suggestions" time="0.116" /><testcase classname="tests.test_backend_apis.TestAdmin" name="test_analytics_dashboard" time="0.160" /><testcase classname="tests.test_backend_apis.TestAdmin" name="test_list_customers" time="0.163" /><testcase classname="tests.test_backend_apis.TestAdmin" name="test_customer_access_denied_for_regular_user" time="0.151" /><testcase classname="tests.test_backend_apis.TestCategories" name="test_get_categories" time="0.107" /></testsuite></testsuites>