<?xml version="1.0" encoding="utf-8"?><testsuites name="pytest tests"><testsuite name="pytest" errors="0" failures="0" skipped="5" tests="121" time="216.263" timestamp="2026-09-13T10:02:37.939298+00:00" hostname="agent-env-1113d269-2d82-4ccd-ab00-f9775a373ffb"><testcase classname="tests.shared.test_ai_consent_and_deletion" name="test_no_text_reaches_the_provider_without_current_consent_and_withdrawal_purges_history" time="2.059" /><testcase classname="tests.shared.test_ai_consent_and_deletion" name="test_in_flight_reply_after_withdrawal_is_not_stored" time="0.640" /><testcase classname="tests.shared.test_ai_consent_and_deletion" name="test_account_deletion_removes_analytics_ai_history_consent_and_reports_truthfully" time="0.838" /><testcase classname="tests.shared.test_icon_font_fallback" name="test_ionicons_fallback_serves_exact_version_matched_font_without_auth" time="0.517" /><testcase classname="tests.shared.test_icon_font_fallback" name="test_font_route_is_fixed_and_not_a_file_proxy" time="0.504" /><testcase classname="tests.shared.test_iteration25_owner_admin_independent" name="test_a_empty_db_creates_owner_and_both_surfaces_return_admin" time="0.593" /><testcase classname="tests.shared.test_iteration25_owner_admin_independent" name="test_b_legacy_customer_is_promoted_on_same_id_old_sessions_revoked" time="0.577" /><testcase classname="tests.shared.test_iteration25_owner_admin_independent" name="test_c_two_records_for_phone_are_refused_without_changes" time="0.494" /><testcase classname="tests.shared.test_iteration25_owner_admin_independent" name="test_d_owner_record_is_protected_from_demotion_and_deletion" time="0.564" /><testcase classname="tests.shared.test_iteration25_owner_admin_independent" name="test_regression_last_admin_guard_still_holds_for_non_owner" time="0.567" /><testcase classname="tests.shared.test_iteration25_owner_admin_independent" name="test_regression_customer_portal_login_is_rejected_403_staff_only" time="0.557" /><testcase classname="tests.shared.test_owner_admin_bootstrap" name="test_missing_owner_record_is_created_as_admin_and_signs_in_on_both_surfaces" time="0.579" /><testcase classname="tests.shared.test_owner_admin_bootstrap" name="test_existing_customer_record_is_promoted_on_the_same_id_and_old_sessions_are_revoked" time="0.595" /><testcase classname="tests.shared.test_owner_admin_bootstrap" name="test_bootstrap_refuses_conflicts_inactive_deleted_and_invalid_configuration_without_changes" time="0.548" /><testcase classname="tests.shared.test_owner_admin_bootstrap" name="test_owner_admin_is_protected_from_demotion_disabling_and_deletion" time="0.615" /><testcase classname="tests.shared.test_owner_admin_bootstrap" name="test_real_startup_handler_runs_the_bootstrap_after_indexes" time="0.538" /><testcase classname="tests.shared.test_owner_recovery_readiness" name="test_recovery_dry_run_no_write_and_customer_start" time="0.575" /><testcase classname="tests.shared.test_owner_recovery_readiness" name="test_recovery_apply_revokes_old_tokens_and_allows_fresh_admin_mobile_and_portal" time="0.684" /><testcase classname="tests.shared.test_owner_recovery_readiness" name="test_recovery_missing_approval_and_identity_negatives" time="0.549" /><testcase classname="tests.shared.test_owner_recovery_readiness" name="test_recovery_stale_hash_and_repromote_block_after_demotion" time="0.590" /><testcase classname="tests.shared.test_owner_recovery_readiness" name="test_recovery_replay_after_partial_failure_should_keep_new_sessions_valid" time="0.667" /><testcase classname="tests.shared.test_owner_recovery_readiness" name="test_health_live_and_ready_truthfulness" time="0.509" /><testcase classname="tests.shared.test_owner_recovery_readiness" name="test_protected_readiness_separate_credentials_invalid_vs_missing_and_no_writes" time="0.510" /><testcase classname="tests.shared.test_owner_recovery_readiness" name="test_readiness_same_key_even_with_whitespace_is_rejected" time="0.531" /><testcase classname="tests.shared.test_owner_recovery_readiness" name="test_readiness_database_unavailable_returns_503_but_live_stays_200" time="0.517" /><testcase classname="tests.shared.test_owner_recovery_readiness" name="test_recovery_negative_matrix_blocks_with_http_exception_and_no_reference_mutation[missing_identity-&lt;lambda&gt;-RECOVERY_IDENTITY_CONFLICT]" time="0.584" /><testcase classname="tests.shared.test_owner_recovery_readiness" name="test_recovery_negative_matrix_blocks_with_http_exception_and_no_reference_mutation[normalized_raw_mismatch-&lt;lambda&gt;-RECOVERY_PHONE_CONFLICT]" time="0.595" /><testcase classname="tests.shared.test_owner_recovery_readiness" name="test_recovery_negative_matrix_blocks_with_http_exception_and_no_reference_mutation[unsupported_role-&lt;lambda&gt;-RECOVERY_ROLE_CONFLICT]" time="0.596" /><testcase classname="tests.shared.test_owner_recovery_readiness" name="test_recovery_negative_matrix_blocks_with_http_exception_and_no_reference_mutation[inactive_account-&lt;lambda&gt;-ACCOUNT_INACTIVE]" time="0.556" /><testcase classname="tests.shared.test_owner_recovery_readiness" name="test_recovery_negative_matrix_blocks_with_http_exception_and_no_reference_mutation[pending_account-&lt;lambda&gt;-ACCOUNT_INACTIVE]" time="0.566" /><testcase classname="tests.shared.test_owner_recovery_readiness" name="test_recovery_negative_matrix_blocks_with_http_exception_and_no_reference_mutation[deleted_flags-&lt;lambda&gt;-RECOVERY_DELETED_IDENTITY]" time="0.571" /><testcase classname="tests.shared.test_owner_recovery_readiness" name="test_recovery_negative_matrix_blocks_with_http_exception_and_no_reference_mutation[schema_conflict_bad_session_history-&lt;lambda&gt;-RECOVERY_SCHEMA_CONFLICT]" time="0.585" /><testcase classname="tests.shared.test_owner_recovery_readiness" name="test_recovery_wrong_canonical_duplicate_id_operation_collision_and_cas_guard" time="0.607" /><testcase classname="tests.shared.test_owner_recovery_readiness" name="test_openapi_readiness_503_schema_matches_runtime_shape" time="0.585" /><testcase classname="tests.shared.test_owner_recovery_readiness" name="test_recovery_cli_help_and_isolated_subprocess_dry_run_apply" time="2.692" /><testcase classname="tests.shared.test_placeholder_configuration" name="test_placeholder_values_are_unconfigured_in_the_running_backend" time="2.903" /><testcase classname="tests.shared.test_placeholder_configuration" name="test_cli_refuses_placeholder_database_before_touching_mongo" time="0.596" /><testcase classname="tests.shared.test_review_access_isolation" name="test_review_login_is_denied_when_review_access_is_disabled" time="0.534" /><testcase classname="tests.shared.test_review_access_isolation" name="test_reviewer_roles_come_from_server_side_accounts_only" time="4.085" /><testcase classname="tests.shared.test_review_access_isolation" name="test_reviewer_login_rate_limit_is_per_account" time="16.572" /><testcase classname="tests.shared.test_review_access_isolation" name="test_review_sessions_cannot_read_or_modify_production_records" time="3.084" /><testcase classname="tests.shared.test_review_access_isolation" name="test_review_actions_persist_in_review_database_and_simulate_external_effects" time="3.440" /><testcase classname="tests.shared.test_review_access_isolation" name="test_review_refresh_logout_rotation_and_revocation" time="4.134" /><testcase classname="tests.shared.test_review_access_isolation" name="test_forged_scope_claims_and_review_phones_cannot_cross_environments" time="2.971" /><testcase classname="tests.shared.test_review_access_isolation" name="test_review_deletion_flow_stays_out_of_the_website_outbox" time="3.197" /><testcase classname="tests.shared.test_review_owner_console" name="test_only_the_owner_in_production_scope_may_open_the_console" time="2.888" /><testcase classname="tests.shared.test_review_owner_console" name="test_keys_need_a_fresh_single_use_otp_are_shown_once_and_never_rotate_implicitly" time="6.058" /><testcase classname="tests.shared.test_review_owner_console" name="test_console_is_unavailable_when_review_access_is_disabled" time="0.621" /><testcase classname="tests.shared.test_review_prefixed_storage" name="test_restricted_user_serves_reviewer_sign_in_from_prefixed_collections_without_a_second_database" time="7.347" /><testcase classname="tests.shared.test_review_prefixed_storage" name="test_prefixed_view_resolves_only_review_collections_and_reset_never_touches_unprefixed_data" time="4.648" /><testcase classname="tests.shared.test_review_provisioning_cli" name="test_cli_provisions_seeds_reports_status_and_is_idempotent_on_repeat" time="6.321" /><testcase classname="tests.shared.test_review_provisioning_cli" name="test_cli_fails_closed_on_missing_or_unsafe_review_configuration" time="4.459" /><testcase classname="tests.shared.test_review_provisioning_cli" name="test_cli_private_note_rotate_revoke_and_reset" time="11.203" /><testcase classname="tests.shared.test_review_provisioning_cli" name="test_verify_step_checks_role_scope_logout_and_session_reuse" time="0.002" /><testcase classname="tests.shared.test_review_provisioning_cli" name="test_verify_note_recovery_appends_results_without_mutation" time="0.002" /><testcase classname="tests.shared.test_review_provisioning_cli" name="test_cli_verify_against_live_backend_returns_strict_exit_codes" time="18.763" /><testcase classname="tests.shared.test_review_provisioning_cli" name="test_review_ai_assistant_is_genuine_but_bounded_and_isolated" time="2.808" /><testcase classname="tests.shared.test_review_provisioning_cli" name="test_review_background_jobs_and_workers_stay_in_review_scope" time="3.128" /><testcase classname="tests.shared.test_shared_auth_identity" name="test_otp_no_fixed_code_and_single_use" time="0.593" /><testcase classname="tests.shared.test_shared_auth_identity" name="test_otp_cooldown_and_expiry" time="0.603" /><testcase classname="tests.shared.test_shared_auth_identity" name="test_inactive_user_cannot_start_login" time="0.571" /><testcase classname="tests.shared.test_shared_auth_identity" name="test_refresh_rotation_and_reuse_revokes_family" time="0.602" /><testcase classname="tests.shared.test_shared_auth_identity" name="test_enrollment_grant_flow_and_staff_impersonation_block" time="0.576" /><testcase classname="tests.shared.test_shared_authenticated_ui" name="test_admin_authenticated_routes_and_reviewed_pdf_flow" time="0.533"><skipped type="pytest.skip" message="Playwright is not importable in this Python environment">/app/backend/tests/shared/test_shared_authenticated_ui.py:419: Playwright is not importable in this Python environment</skipped></testcase><testcase classname="tests.shared.test_shared_authenticated_ui" name="test_telecaller_authenticated_requests_and_leads" time="0.523"><skipped type="pytest.skip" message="Playwright is not importable in this Python environment">/app/backend/tests/shared/test_shared_authenticated_ui.py:577: Playwright is not importable in this Python environment</skipped></testcase><testcase classname="tests.shared.test_shared_authenticated_ui" name="test_billing_authenticated_rates_and_slabs" time="0.540"><skipped type="pytest.skip" message="Playwright is not importable in this Python environment">/app/backend/tests/shared/test_shared_authenticated_ui.py:622: Playwright is not importable in this Python environment</skipped></testcase><testcase classname="tests.shared.test_shared_authenticated_ui" name="test_customer_authenticated_home_and_gallery" time="0.546"><skipped type="pytest.skip" message="Playwright is not importable in this Python environment">/app/backend/tests/shared/test_shared_authenticated_ui.py:655: Playwright is not importable in this Python environment</skipped></testcase><testcase classname="tests.shared.test_shared_authenticated_ui" name="test_admin_mobile_web_catalog_author_export_and_media_usage" time="0.547"><skipped type="pytest.skip" message="Playwright is not importable in this Python environment">/app/backend/tests/shared/test_shared_authenticated_ui.py:692: Playwright is not importable in this Python environment</skipped></testcase><testcase classname="tests.shared.test_shared_followup_regressions" name="test_legacy_weight_and_edit_regressions" time="0.606" /><testcase classname="tests.shared.test_shared_followup_regressions" name="test_rate_slab_legacy_display_versioning_and_role_scope" time="0.657" /><testcase classname="tests.shared.test_shared_followup_regressions" name="test_catalog_10k_stable_pagination_search_filters_and_benchmark" time="2.678" /><testcase classname="tests.shared.test_shared_followup_regressions" name="test_source_preview_rotation_mapping_offline[90]" time="1.386" /><testcase classname="tests.shared.test_shared_followup_regressions" name="test_source_preview_rotation_mapping_offline[180]" time="1.259" /><testcase classname="tests.shared.test_shared_followup_regressions" name="test_source_preview_rotation_mapping_offline[270]" time="1.259" /><testcase classname="tests.shared.test_shared_followup_regressions" name="test_media_tracked_put_maps_failure_states_and_provider_402" time="0.558" /><testcase classname="tests.shared.test_shared_followup_regressions" name="test_media_budget_quota_high_watermark_and_usage_contract" time="0.603" /><testcase classname="tests.shared.test_shared_followup_regressions" name="test_media_lifecycle_audit_preserves_references_and_blocks_unreferenced" time="0.493" /><testcase classname="tests.shared.test_shared_followup_regressions" name="test_corrupt_png_syntaxerror_returns_422" time="0.605" /><testcase classname="tests.shared.test_shared_followup_regressions" name="test_media_cache_rechecks_visibility_after_unpublish" time="0.629" /><testcase classname="tests.shared.test_shared_followup_regressions" name="test_pdf_source_rebuild_after_local_cache_loss" time="0.665" /><testcase classname="tests.shared.test_shared_followup_regressions" name="test_chunk_storage_failure_then_retry_isolated" time="0.640" /><testcase classname="tests.shared.test_shared_followup_regressions" name="test_pdf_process_job_safe_errors_for_encrypted_and_truncated[encrypted]" time="1.156" /><testcase classname="tests.shared.test_shared_followup_regressions" name="test_pdf_process_job_safe_errors_for_encrypted_and_truncated[truncated]" time="4.752" /><testcase classname="tests.shared.test_shared_followup_regressions" name="test_pdf_authoring_validations_and_owner_photo_gate" time="0.712" /><testcase classname="tests.shared.test_shared_followup_regressions" name="test_private_source_preview_and_import_file_block" time="5.264" /><testcase classname="tests.shared.test_shared_pdf_import_extended" name="test_pdf_upload_out_of_order_duplicate_and_checksum_rejection" time="0.638" /><testcase classname="tests.shared.test_shared_pdf_import_extended" name="test_pdf_upload_pause_resume_cancel_and_post_cancel_block" time="0.607" /><testcase classname="tests.shared.test_shared_pdf_import_extended" name="test_pdf_owner_authorization_enforced" time="0.604" /><testcase classname="tests.shared.test_shared_pdf_import_extended" name="test_pdf_complete_analyze_preview_crop_rejection_and_stale_commit_version" time="5.222" /><testcase classname="tests.shared.test_shared_pdf_import_extended" name="test_pdf_commit_invalid_rows_partial_then_recoverable_recommit" time="5.015" /><testcase classname="tests.shared.test_shared_pdf_import_extended" name="test_pdf_checkpoint_resume_process_job_from_next_page" time="2.741" /><testcase classname="tests.shared.test_shared_pdf_import_extended" name="test_claim_race_with_asyncio_gather" time="0.636" /><testcase classname="tests.shared.test_shared_pdf_import_extended" name="test_phone_change_success_revokes_sessions_and_delete_blocks_reenroll" time="0.818" /><testcase classname="tests.shared.test_shared_pdf_import_extended" name="test_billing_cannot_write_request_mutations" time="0.678" /><testcase classname="tests.shared.test_shared_pdf_import_extended" name="test_requests_visible_to_staff_roles_over_200_customer_created" time="0.768" /><testcase classname="tests.shared.test_shared_pdf_media_reconcile" name="test_upload_image_rejects_non_image" time="0.876" /><testcase classname="tests.shared.test_shared_pdf_media_reconcile" name="test_sample_pdf_exact_product_codes_and_guide_pages" time="2.148" /><testcase classname="tests.shared.test_shared_pdf_media_reconcile" name="test_sample_pdf_crop_pixel_similarity_to_fixture_jpegs" time="2.075" /><testcase classname="tests.shared.test_shared_pdf_media_reconcile" name="test_pdf_cropbox_rejected_and_blank_layout_rejected" time="0.006" /><testcase classname="tests.shared.test_shared_pdf_media_reconcile" name="test_reconcile_identity_dry_run_contract_owner_admin" time="0.000" /><testcase classname="tests.shared.test_shared_pdf_races_followup" name="test_chunk_put_race_single_manifest_entry_and_retry_consistency" time="0.655" /><testcase classname="tests.shared.test_shared_pdf_races_followup" name="test_commit_race_same_version_idempotent_result_no_duplicate_products" time="5.008" /><testcase classname="tests.shared.test_shared_pdf_races_followup" name="test_commit_cancel_race_single_terminal_outcome_and_consistent_publication" time="5.000" /><testcase classname="tests.shared.test_shared_pdf_races_followup" name="test_thumbnail_write_failure_then_retry_recovers_exactly_one_product" time="4.911" /><testcase classname="tests.shared.test_shared_pdf_races_followup" name="test_simulated_expired_lease_checkpoint_recovery_without_row_duplication" time="4.362" /><testcase classname="tests.shared.test_shared_people_queries_rates" name="test_last_admin_guard_blocks_demotion" time="0.597" /><testcase classname="tests.shared.test_shared_people_queries_rates" name="test_service_key_exchange_requires_same_subject" time="0.603" /><testcase classname="tests.shared.test_shared_people_queries_rates" name="test_phone_change_conflict_has_no_partial_update" time="0.606" /><testcase classname="tests.shared.test_shared_people_queries_rates" name="test_requests_listing_pagination_and_types_over_200" time="0.618" /><testcase classname="tests.shared.test_shared_people_queries_rates" name="test_telecaller_claim_race_and_resolver_ownership" time="0.629" /><testcase classname="tests.shared.test_shared_people_queries_rates" name="test_metrics_ist_summary_handles_zero_and_data" time="0.636" /><testcase classname="tests.shared.test_shared_people_queries_rates" name="test_rates_and_rate_slab_role_scope" time="0.658" /><testcase classname="tests.shared.test_website_dependencies_d2_d3_d4" name="test_d2_static_customer_search_reaches_billing_handler_before_dynamic_route" time="0.604" /><testcase classname="tests.shared.test_website_dependencies_d2_d3_d4" name="test_d2_search_role_scope_and_directory_protection" time="0.636" /><testcase classname="tests.shared.test_website_dependencies_d2_d3_d4" name="test_d2_dynamic_customer_id_route_still_resolves" time="0.615" /><testcase classname="tests.shared.test_website_dependencies_d2_d3_d4" name="test_d3_customer_id_filter_exact_paginated_history_over_100_records" time="0.668" /><testcase classname="tests.shared.test_website_dependencies_d2_d3_d4" name="test_d3_customer_id_validation_missing_ids_role_scope_and_deleted_history" time="0.737" /><testcase classname="tests.shared.test_website_dependencies_d2_d3_d4" name="test_d4_101st_event_visible_after_first_100_website_acks" time="0.527" /><testcase classname="tests.shared.test_website_dependencies_d2_d3_d4" name="test_d4_stable_cursor_pagination_without_gaps_or_duplicates" time="0.536" /><testcase classname="tests.shared.test_website_dependencies_d2_d3_d4" name="test_d4_idempotent_consumer_specific_ack_retry_and_authorization" time="0.553" /><testcase classname="tests.shared.test_website_dependencies_d2_d3_d4" name="test_d4_deleted_customer_is_not_resurrected_by_enrollment_after_ack" time="0.713" /></testsuite></testsuites>